{"/home/tchep/projects/tontine_v2/tontine-api-v2/src/app.controller.ts": {"path":"/home/tchep/projects/tontine_v2/tontine-api-v2/src/app.controller.ts","statementMap":{"0":{"start":{"line":1,"column":0},"end":{"line":1,"column":49}},"1":{"start":{"line":2,"column":0},"end":{"line":2,"column":43}},"2":{"start":{"line":3,"column":0},"end":{"line":3,"column":60}},"3":{"start":{"line":4,"column":0},"end":{"line":4,"column":62}},"4":{"start":{"line":7,"column":7},"end":{"line":32,"column":null}},"5":{"start":{"line":8,"column":31},"end":{"line":8,"column":43}},"6":{"start":{"line":12,"column":27},"end":{"line":13,"column":null}},"7":{"start":{"line":13,"column":15},"end":{"line":13,"column":32}},"8":{"start":{"line":16,"column":26},"end":{"line":17,"column":null}},"9":{"start":{"line":17,"column":15},"end":{"line":17,"column":33}},"10":{"start":{"line":20,"column":4},"end":{"line":23,"column":6}},"11":{"start":{"line":28,"column":4},"end":{"line":30,"column":6}},"12":{"start":{"line":7,"column":13},"end":{"line":7,"column":26}},"13":{"start":{"line":11,"column":2},"end":{"line":24,"column":null}},"14":{"start":{"line":27,"column":2},"end":{"line":31,"column":null}},"15":{"start":{"line":7,"column":13},"end":{"line":32,"column":null}}},"fnMap":{"0":{"name":"(anonymous_2)","decl":{"start":{"line":8,"column":2},"end":{"line":8,"column":31}},"loc":{"start":{"line":8,"column":53},"end":{"line":8,"column":57}}},"1":{"name":"(anonymous_3)","decl":{"start":{"line":11,"column":2},"end":{"line":11,"column":10}},"loc":{"start":{"line":11,"column":10},"end":{"line":24,"column":3}}},"2":{"name":"(anonymous_4)","decl":{"start":{"line":13,"column":6},"end":{"line":13,"column":7}},"loc":{"start":{"line":13,"column":15},"end":{"line":13,"column":32}}},"3":{"name":"(anonymous_5)","decl":{"start":{"line":17,"column":6},"end":{"line":17,"column":7}},"loc":{"start":{"line":17,"column":15},"end":{"line":17,"column":33}}},"4":{"name":"(anonymous_6)","decl":{"start":{"line":27,"column":2},"end":{"line":27,"column":8}},"loc":{"start":{"line":27,"column":8},"end":{"line":31,"column":3}}}},"branchMap":{},"s":{"0":1,"1":1,"2":1,"3":1,"4":1,"5":2,"6":2,"7":8,"8":2,"9":6,"10":2,"11":2,"12":1,"13":1,"14":1,"15":1},"f":{"0":2,"1":2,"2":8,"3":6,"4":2},"b":{}}
,"/home/tchep/projects/tontine_v2/tontine-api-v2/src/app.service.ts": {"path":"/home/tchep/projects/tontine_v2/tontine-api-v2/src/app.service.ts","statementMap":{"0":{"start":{"line":1,"column":0},"end":{"line":1,"column":44}},"1":{"start":{"line":4,"column":7},"end":{"line":8,"column":null}},"2":{"start":{"line":6,"column":4},"end":{"line":6,"column":25}},"3":{"start":{"line":4,"column":13},"end":{"line":4,"column":23}},"4":{"start":{"line":4,"column":13},"end":{"line":8,"column":null}}},"fnMap":{"0":{"name":"(anonymous_1)","decl":{"start":{"line":5,"column":2},"end":{"line":5,"column":10}},"loc":{"start":{"line":5,"column":10},"end":{"line":7,"column":3}}}},"branchMap":{},"s":{"0":1,"1":1,"2":0,"3":1,"4":1},"f":{"0":0},"b":{}}
,"/home/tchep/projects/tontine_v2/tontine-api-v2/src/database.provider.ts": {"path":"/home/tchep/projects/tontine_v2/tontine-api-v2/src/database.provider.ts","statementMap":{"0":{"start":{"line":1,"column":0},"end":{"line":1,"column":37}},"1":{"start":{"line":3,"column":13},"end":{"line":21,"column":2}},"2":{"start":{"line":7,"column":25},"end":{"line":16,"column":8}},"3":{"start":{"line":18,"column":6},"end":{"line":18,"column":37}}},"fnMap":{"0":{"name":"(anonymous_0)","decl":{"start":{"line":6,"column":16},"end":{"line":6,"column":21}},"loc":{"start":{"line":6,"column":27},"end":{"line":19,"column":5}}}},"branchMap":{},"s":{"0":0,"1":0,"2":0,"3":0},"f":{"0":0},"b":{}}
,"/home/tchep/projects/tontine_v2/tontine-api-v2/src/authentification/authentification.controller.ts": {"path":"/home/tchep/projects/tontine_v2/tontine-api-v2/src/authentification/authentification.controller.ts","statementMap":{"0":{"start":{"line":1,"column":0},"end":{"line":1,"column":68}},"1":{"start":{"line":2,"column":0},"end":{"line":2,"column":69}},"2":{"start":{"line":3,"column":0},"end":{"line":3,"column":43}},"3":{"start":{"line":4,"column":0},"end":{"line":4,"column":41}},"4":{"start":{"line":7,"column":7},"end":{"line":37,"column":null}},"5":{"start":{"line":9,"column":12},"end":{"line":9,"column":25}},"6":{"start":{"line":10,"column":21},"end":{"line":10,"column":33}},"7":{"start":{"line":15,"column":4},"end":{"line":15,"column":72}},"8":{"start":{"line":20,"column":4},"end":{"line":20,"column":47}},"9":{"start":{"line":25,"column":4},"end":{"line":25,"column":64}},"10":{"start":{"line":30,"column":4},"end":{"line":30,"column":56}},"11":{"start":{"line":7,"column":13},"end":{"line":7,"column":39}},"12":{"start":{"line":14,"column":2},"end":{"line":16,"column":null}},"13":{"start":{"line":19,"column":2},"end":{"line":21,"column":null}},"14":{"start":{"line":24,"column":8},"end":{"line":26,"column":null}},"15":{"start":{"line":29,"column":8},"end":{"line":31,"column":null}},"16":{"start":{"line":7,"column":13},"end":{"line":37,"column":null}}},"fnMap":{"0":{"name":"(anonymous_4)","decl":{"start":{"line":8,"column":2},"end":{"line":8,"column":null}},"loc":{"start":{"line":10,"column":43},"end":{"line":11,"column":6}}},"1":{"name":"(anonymous_5)","decl":{"start":{"line":14,"column":2},"end":{"line":14,"column":7}},"loc":{"start":{"line":14,"column":34},"end":{"line":16,"column":3}}},"2":{"name":"(anonymous_6)","decl":{"start":{"line":19,"column":2},"end":{"line":19,"column":10}},"loc":{"start":{"line":19,"column":37},"end":{"line":21,"column":3}}},"3":{"name":"(anonymous_7)","decl":{"start":{"line":24,"column":2},"end":{"line":24,"column":7}},"loc":{"start":{"line":24,"column":46},"end":{"line":26,"column":3}}},"4":{"name":"(anonymous_8)","decl":{"start":{"line":29,"column":2},"end":{"line":29,"column":7}},"loc":{"start":{"line":29,"column":55},"end":{"line":31,"column":3}}}},"branchMap":{},"s":{"0":0,"1":0,"2":0,"3":0,"4":0,"5":0,"6":0,"7":0,"8":0,"9":0,"10":0,"11":0,"12":0,"13":0,"14":0,"15":0,"16":0},"f":{"0":0,"1":0,"2":0,"3":0,"4":0},"b":{}}
,"/home/tchep/projects/tontine_v2/tontine-api-v2/src/authentification/authentification.service.ts": {"path":"/home/tchep/projects/tontine_v2/tontine-api-v2/src/authentification/authentification.service.ts","statementMap":{"0":{"start":{"line":1,"column":0},"end":{"line":1,"column":67}},"1":{"start":{"line":2,"column":0},"end":{"line":2,"column":41}},"2":{"start":{"line":3,"column":0},"end":{"line":3,"column":33}},"3":{"start":{"line":4,"column":0},"end":{"line":4,"column":60}},"4":{"start":{"line":5,"column":0},"end":{"line":5,"column":52}},"5":{"start":{"line":7,"column":0},"end":{"line":7,"column":51}},"6":{"start":{"line":8,"column":0},"end":{"line":8,"column":46}},"7":{"start":{"line":11,"column":7},"end":{"line":100,"column":null}},"8":{"start":{"line":14,"column":21},"end":{"line":14,"column":33}},"9":{"start":{"line":15,"column":21},"end":{"line":15,"column":33}},"10":{"start":{"line":16,"column":21},"end":{"line":16,"column":36}},"11":{"start":{"line":12,"column":10},"end":{"line":12,"column":26}},"12":{"start":{"line":20,"column":4},"end":{"line":25,"column":5}},"13":{"start":{"line":21,"column":6},"end":{"line":21,"column":42}},"14":{"start":{"line":22,"column":6},"end":{"line":22,"column":18}},"15":{"start":{"line":24,"column":6},"end":{"line":24,"column":19}},"16":{"start":{"line":29,"column":4},"end":{"line":31,"column":5}},"17":{"start":{"line":30,"column":6},"end":{"line":30,"column":68}},"18":{"start":{"line":33,"column":22},"end":{"line":35,"column":6}},"19":{"start":{"line":37,"column":26},"end":{"line":37,"column":64}},"20":{"start":{"line":39,"column":4},"end":{"line":41,"column":5}},"21":{"start":{"line":40,"column":6},"end":{"line":40,"column":68}},"22":{"start":{"line":43,"column":20},"end":{"line":43,"column":65}},"23":{"start":{"line":44,"column":4},"end":{"line":46,"column":5}},"24":{"start":{"line":45,"column":6},"end":{"line":45,"column":68}},"25":{"start":{"line":49,"column":20},"end":{"line":52,"column":6}},"26":{"start":{"line":53,"column":18},"end":{"line":53,"column":47}},"27":{"start":{"line":55,"column":4},"end":{"line":55,"column":21}},"28":{"start":{"line":59,"column":41},"end":{"line":59,"column":49}},"29":{"start":{"line":61,"column":4},"end":{"line":63,"column":5}},"30":{"start":{"line":62,"column":6},"end":{"line":62,"column":68}},"31":{"start":{"line":65,"column":22},"end":{"line":67,"column":6}},"32":{"start":{"line":69,"column":4},"end":{"line":71,"column":5}},"33":{"start":{"line":70,"column":6},"end":{"line":70,"column":69}},"34":{"start":{"line":73,"column":27},"end":{"line":73,"column":71}},"35":{"start":{"line":75,"column":4},"end":{"line":79,"column":7}},"36":{"start":{"line":83,"column":4},"end":{"line":83,"column":80}},"37":{"start":{"line":87,"column":18},"end":{"line":90,"column":6}},"38":{"start":{"line":91,"column":19},"end":{"line":91,"column":29}},"39":{"start":{"line":93,"column":19},"end":{"line":93,"column":64}},"40":{"start":{"line":94,"column":4},"end":{"line":94,"column":62}},"41":{"start":{"line":98,"column":4},"end":{"line":98,"column":80}},"42":{"start":{"line":11,"column":13},"end":{"line":11,"column":36}},"43":{"start":{"line":11,"column":13},"end":{"line":100,"column":null}}},"fnMap":{"0":{"name":"(anonymous_2)","decl":{"start":{"line":13,"column":2},"end":{"line":13,"column":null}},"loc":{"start":{"line":16,"column":49},"end":{"line":17,"column":6}}},"1":{"name":"(anonymous_3)","decl":{"start":{"line":19,"column":9},"end":{"line":19,"column":14}},"loc":{"start":{"line":19,"column":35},"end":{"line":26,"column":3}}},"2":{"name":"(anonymous_4)","decl":{"start":{"line":28,"column":9},"end":{"line":28,"column":14}},"loc":{"start":{"line":28,"column":55},"end":{"line":56,"column":3}}},"3":{"name":"(anonymous_5)","decl":{"start":{"line":58,"column":9},"end":{"line":58,"column":14}},"loc":{"start":{"line":58,"column":42},"end":{"line":80,"column":3}}},"4":{"name":"(anonymous_6)","decl":{"start":{"line":82,"column":9},"end":{"line":82,"column":14}},"loc":{"start":{"line":82,"column":46},"end":{"line":84,"column":3}}},"5":{"name":"(anonymous_7)","decl":{"start":{"line":86,"column":10},"end":{"line":86,"column":15}},"loc":{"start":{"line":86,"column":50},"end":{"line":95,"column":3}}},"6":{"name":"(anonymous_8)","decl":{"start":{"line":97,"column":9},"end":{"line":97,"column":14}},"loc":{"start":{"line":97,"column":49},"end":{"line":99,"column":3}}}},"branchMap":{"0":{"loc":{"start":{"line":29,"column":4},"end":{"line":31,"column":5}},"type":"if","locations":[{"start":{"line":29,"column":4},"end":{"line":31,"column":5}}]},"1":{"loc":{"start":{"line":29,"column":8},"end":{"line":29,"column":30}},"type":"binary-expr","locations":[{"start":{"line":29,"column":8},"end":{"line":29,"column":17}},{"start":{"line":29,"column":21},"end":{"line":29,"column":30}}]},"2":{"loc":{"start":{"line":39,"column":4},"end":{"line":41,"column":5}},"type":"if","locations":[{"start":{"line":39,"column":4},"end":{"line":41,"column":5}}]},"3":{"loc":{"start":{"line":44,"column":4},"end":{"line":46,"column":5}},"type":"if","locations":[{"start":{"line":44,"column":4},"end":{"line":46,"column":5}}]},"4":{"loc":{"start":{"line":61,"column":4},"end":{"line":63,"column":5}},"type":"if","locations":[{"start":{"line":61,"column":4},"end":{"line":63,"column":5}}]},"5":{"loc":{"start":{"line":61,"column":8},"end":{"line":61,"column":30}},"type":"binary-expr","locations":[{"start":{"line":61,"column":8},"end":{"line":61,"column":17}},{"start":{"line":61,"column":21},"end":{"line":61,"column":30}}]},"6":{"loc":{"start":{"line":69,"column":4},"end":{"line":71,"column":5}},"type":"if","locations":[{"start":{"line":69,"column":4},"end":{"line":71,"column":5}}]},"7":{"loc":{"start":{"line":78,"column":14},"end":{"line":78,"column":36}},"type":"binary-expr","locations":[{"start":{"line":78,"column":14},"end":{"line":78,"column":18}},{"start":{"line":78,"column":22},"end":{"line":78,"column":36}}]},"8":{"loc":{"start":{"line":94,"column":11},"end":{"line":94,"column":61}},"type":"cond-expr","locations":[{"start":{"line":94,"column":37},"end":{"line":94,"column":56}},{"start":{"line":94,"column":59},"end":{"line":94,"column":61}}]},"9":{"loc":{"start":{"line":94,"column":11},"end":{"line":94,"column":34}},"type":"binary-expr","locations":[{"start":{"line":94,"column":11},"end":{"line":94,"column":17}},{"start":{"line":94,"column":21},"end":{"line":94,"column":34}}]}},"s":{"0":0,"1":0,"2":0,"3":0,"4":0,"5":0,"6":0,"7":0,"8":0,"9":0,"10":0,"11":0,"12":0,"13":0,"14":0,"15":0,"16":0,"17":0,"18":0,"19":0,"20":0,"21":0,"22":0,"23":0,"24":0,"25":0,"26":0,"27":0,"28":0,"29":0,"30":0,"31":0,"32":0,"33":0,"34":0,"35":0,"36":0,"37":0,"38":0,"39":0,"40":0,"41":0,"42":0,"43":0},"f":{"0":0,"1":0,"2":0,"3":0,"4":0,"5":0,"6":0},"b":{"0":[0],"1":[0,0],"2":[0],"3":[0],"4":[0],"5":[0,0],"6":[0],"7":[0,0],"8":[0,0],"9":[0,0]}}
,"/home/tchep/projects/tontine_v2/tontine-api-v2/src/authentification/dto/login-dto.ts": {"path":"/home/tchep/projects/tontine_v2/tontine-api-v2/src/authentification/dto/login-dto.ts","statementMap":{"0":{"start":{"line":2,"column":0},"end":{"line":2,"column":49}},"1":{"start":{"line":3,"column":0},"end":{"line":3,"column":47}},"2":{"start":{"line":4,"column":0},"end":{"line":4,"column":52}},"3":{"start":{"line":19,"column":35},"end":{"line":19,"column":39}},"4":{"start":{"line":20,"column":17},"end":{"line":20,"column":27}},"5":{"start":{"line":21,"column":4},"end":{"line":21,"column":29}},"6":{"start":{"line":22,"column":4},"end":{"line":22,"column":29}},"7":{"start":{"line":24,"column":4},"end":{"line":24,"column":16}},"8":{"start":{"line":6,"column":0},"end":{"line":6,"column":13}},"9":{"start":{"line":8,"column":2},"end":{"line":8,"column":null}},"10":{"start":{"line":11,"column":2},"end":{"line":11,"column":null}},"11":{"start":{"line":16,"column":2},"end":{"line":16,"column":null}}},"fnMap":{"0":{"name":"(anonymous_2)","decl":{"start":{"line":18,"column":9},"end":{"line":18,"column":15}},"loc":{"start":{"line":18,"column":15},"end":{"line":25,"column":3}}}},"branchMap":{},"s":{"0":0,"1":0,"2":0,"3":0,"4":0,"5":0,"6":0,"7":0,"8":0,"9":0,"10":0,"11":0},"f":{"0":0},"b":{}}
,"/home/tchep/projects/tontine_v2/tontine-api-v2/src/event/event.controller.ts": {"path":"/home/tchep/projects/tontine_v2/tontine-api-v2/src/event/event.controller.ts","statementMap":{"0":{"start":{"line":1,"column":0},"end":{"line":1,"column":null}},"1":{"start":{"line":12,"column":0},"end":{"line":12,"column":47}},"2":{"start":{"line":13,"column":0},"end":{"line":13,"column":56}},"3":{"start":{"line":14,"column":0},"end":{"line":14,"column":56}},"4":{"start":{"line":15,"column":0},"end":{"line":15,"column":77}},"5":{"start":{"line":16,"column":0},"end":{"line":16,"column":76}},"6":{"start":{"line":17,"column":0},"end":{"line":17,"column":70}},"7":{"start":{"line":22,"column":7},"end":{"line":69,"column":null}},"8":{"start":{"line":23,"column":31},"end":{"line":23,"column":45}},"9":{"start":{"line":27,"column":4},"end":{"line":27,"column":62}},"10":{"start":{"line":32,"column":4},"end":{"line":32,"column":49}},"11":{"start":{"line":37,"column":4},"end":{"line":37,"column":42}},"12":{"start":{"line":46,"column":4},"end":{"line":46,"column":67}},"13":{"start":{"line":51,"column":4},"end":{"line":51,"column":51}},"14":{"start":{"line":59,"column":4},"end":{"line":59,"column":65}},"15":{"start":{"line":67,"column":4},"end":{"line":67,"column":68}},"16":{"start":{"line":22,"column":13},"end":{"line":22,"column":28}},"17":{"start":{"line":26,"column":2},"end":{"line":28,"column":null}},"18":{"start":{"line":31,"column":2},"end":{"line":33,"column":null}},"19":{"start":{"line":36,"column":2},"end":{"line":38,"column":null}},"20":{"start":{"line":41,"column":2},"end":{"line":47,"column":null}},"21":{"start":{"line":50,"column":2},"end":{"line":52,"column":null}},"22":{"start":{"line":55,"column":2},"end":{"line":60,"column":null}},"23":{"start":{"line":63,"column":2},"end":{"line":68,"column":null}},"24":{"start":{"line":22,"column":13},"end":{"line":69,"column":null}}},"fnMap":{"0":{"name":"(anonymous_4)","decl":{"start":{"line":23,"column":2},"end":{"line":23,"column":31}},"loc":{"start":{"line":23,"column":57},"end":{"line":23,"column":61}}},"1":{"name":"(anonymous_5)","decl":{"start":{"line":26,"column":2},"end":{"line":26,"column":8}},"loc":{"start":{"line":26,"column":64},"end":{"line":28,"column":3}}},"2":{"name":"(anonymous_6)","decl":{"start":{"line":31,"column":2},"end":{"line":31,"column":9}},"loc":{"start":{"line":31,"column":47},"end":{"line":33,"column":3}}},"3":{"name":"(anonymous_7)","decl":{"start":{"line":36,"column":2},"end":{"line":36,"column":9}},"loc":{"start":{"line":36,"column":33},"end":{"line":38,"column":3}}},"4":{"name":"(anonymous_8)","decl":{"start":{"line":41,"column":2},"end":{"line":41,"column":8}},"loc":{"start":{"line":44,"column":19},"end":{"line":47,"column":3}}},"5":{"name":"(anonymous_9)","decl":{"start":{"line":50,"column":2},"end":{"line":50,"column":8}},"loc":{"start":{"line":50,"column":49},"end":{"line":52,"column":3}}},"6":{"name":"(anonymous_10)","decl":{"start":{"line":55,"column":2},"end":{"line":55,"column":16}},"loc":{"start":{"line":57,"column":49},"end":{"line":60,"column":3}}},"7":{"name":"(anonymous_11)","decl":{"start":{"line":63,"column":2},"end":{"line":63,"column":19}},"loc":{"start":{"line":65,"column":49},"end":{"line":68,"column":3}}}},"branchMap":{},"s":{"0":0,"1":0,"2":0,"3":0,"4":0,"5":0,"6":0,"7":0,"8":0,"9":0,"10":0,"11":0,"12":0,"13":0,"14":0,"15":0,"16":0,"17":0,"18":0,"19":0,"20":0,"21":0,"22":0,"23":0,"24":0},"f":{"0":0,"1":0,"2":0,"3":0,"4":0,"5":0,"6":0,"7":0},"b":{}}
,"/home/tchep/projects/tontine_v2/tontine-api-v2/src/event/event.service.ts": {"path":"/home/tchep/projects/tontine_v2/tontine-api-v2/src/event/event.service.ts","statementMap":{"0":{"start":{"line":1,"column":0},"end":{"line":1,"column":65}},"1":{"start":{"line":4,"column":0},"end":{"line":4,"column":48}},"2":{"start":{"line":5,"column":0},"end":{"line":5,"column":37}},"3":{"start":{"line":6,"column":0},"end":{"line":6,"column":59}},"4":{"start":{"line":7,"column":0},"end":{"line":7,"column":62}},"5":{"start":{"line":9,"column":0},"end":{"line":9,"column":76}},"6":{"start":{"line":10,"column":0},"end":{"line":10,"column":71}},"7":{"start":{"line":11,"column":0},"end":{"line":11,"column":75}},"8":{"start":{"line":14,"column":7},"end":{"line":182,"column":null}},"9":{"start":{"line":16,"column":21},"end":{"line":16,"column":33}},"10":{"start":{"line":17,"column":21},"end":{"line":17,"column":42}},"11":{"start":{"line":29,"column":8},"end":{"line":29,"column":22}},"12":{"start":{"line":31,"column":20},"end":{"line":33,"column":44}},"13":{"start":{"line":34,"column":4},"end":{"line":36,"column":5}},"14":{"start":{"line":35,"column":6},"end":{"line":35,"column":57}},"15":{"start":{"line":38,"column":19},"end":{"line":40,"column":64}},"16":{"start":{"line":41,"column":4},"end":{"line":43,"column":5}},"17":{"start":{"line":42,"column":6},"end":{"line":42,"column":56}},"18":{"start":{"line":45,"column":18},"end":{"line":45,"column":29}},"19":{"start":{"line":46,"column":4},"end":{"line":46,"column":26}},"20":{"start":{"line":47,"column":4},"end":{"line":47,"column":24}},"21":{"start":{"line":48,"column":4},"end":{"line":48,"column":22}},"22":{"start":{"line":49,"column":4},"end":{"line":49,"column":36}},"23":{"start":{"line":50,"column":4},"end":{"line":50,"column":32}},"24":{"start":{"line":51,"column":4},"end":{"line":53,"column":5}},"25":{"start":{"line":52,"column":6},"end":{"line":52,"column":30}},"26":{"start":{"line":54,"column":4},"end":{"line":64,"column":5}},"27":{"start":{"line":55,"column":6},"end":{"line":63,"column":9}},"28":{"start":{"line":56,"column":23},"end":{"line":58,"column":37}},"29":{"start":{"line":60,"column":8},"end":{"line":62,"column":9}},"30":{"start":{"line":61,"column":10},"end":{"line":61,"column":42}},"31":{"start":{"line":65,"column":4},"end":{"line":65,"column":28}},"32":{"start":{"line":67,"column":23},"end":{"line":67,"column":77}},"33":{"start":{"line":69,"column":4},"end":{"line":77,"column":6}},"34":{"start":{"line":79,"column":4},"end":{"line":79,"column":22}},"35":{"start":{"line":83,"column":20},"end":{"line":85,"column":44}},"36":{"start":{"line":86,"column":4},"end":{"line":88,"column":5}},"37":{"start":{"line":87,"column":6},"end":{"line":87,"column":57}},"38":{"start":{"line":89,"column":4},"end":{"line":92,"column":7}},"39":{"start":{"line":96,"column":4},"end":{"line":99,"column":7}},"40":{"start":{"line":103,"column":18},"end":{"line":103,"column":40}},"41":{"start":{"line":104,"column":4},"end":{"line":106,"column":5}},"42":{"start":{"line":105,"column":6},"end":{"line":105,"column":55}},"43":{"start":{"line":108,"column":27},"end":{"line":108,"column":70}},"44":{"start":{"line":109,"column":4},"end":{"line":111,"column":5}},"45":{"start":{"line":110,"column":6},"end":{"line":110,"column":75}},"46":{"start":{"line":113,"column":61},"end":{"line":113,"column":75}},"47":{"start":{"line":114,"column":4},"end":{"line":116,"column":5}},"48":{"start":{"line":115,"column":6},"end":{"line":115,"column":56}},"49":{"start":{"line":118,"column":4},"end":{"line":120,"column":5}},"50":{"start":{"line":119,"column":6},"end":{"line":119,"column":26}},"51":{"start":{"line":121,"column":4},"end":{"line":123,"column":5}},"52":{"start":{"line":122,"column":6},"end":{"line":122,"column":24}},"53":{"start":{"line":124,"column":4},"end":{"line":126,"column":5}},"54":{"start":{"line":125,"column":6},"end":{"line":125,"column":38}},"55":{"start":{"line":127,"column":4},"end":{"line":129,"column":5}},"56":{"start":{"line":128,"column":6},"end":{"line":128,"column":34}},"57":{"start":{"line":130,"column":4},"end":{"line":132,"column":5}},"58":{"start":{"line":131,"column":6},"end":{"line":131,"column":30}},"59":{"start":{"line":134,"column":4},"end":{"line":134,"column":60}},"60":{"start":{"line":138,"column":18},"end":{"line":138,"column":40}},"61":{"start":{"line":139,"column":4},"end":{"line":141,"column":5}},"62":{"start":{"line":140,"column":6},"end":{"line":140,"column":55}},"63":{"start":{"line":142,"column":27},"end":{"line":142,"column":70}},"64":{"start":{"line":143,"column":4},"end":{"line":145,"column":5}},"65":{"start":{"line":144,"column":6},"end":{"line":144,"column":75}},"66":{"start":{"line":146,"column":4},"end":{"line":146,"column":59}},"67":{"start":{"line":150,"column":18},"end":{"line":150,"column":45}},"68":{"start":{"line":151,"column":4},"end":{"line":153,"column":5}},"69":{"start":{"line":152,"column":6},"end":{"line":152,"column":55}},"70":{"start":{"line":155,"column":19},"end":{"line":157,"column":43}},"71":{"start":{"line":158,"column":4},"end":{"line":160,"column":5}},"72":{"start":{"line":159,"column":6},"end":{"line":159,"column":56}},"73":{"start":{"line":162,"column":4},"end":{"line":162,"column":36}},"74":{"start":{"line":163,"column":4},"end":{"line":163,"column":60}},"75":{"start":{"line":167,"column":18},"end":{"line":167,"column":45}},"76":{"start":{"line":168,"column":4},"end":{"line":170,"column":5}},"77":{"start":{"line":169,"column":6},"end":{"line":169,"column":55}},"78":{"start":{"line":172,"column":19},"end":{"line":174,"column":43}},"79":{"start":{"line":175,"column":4},"end":{"line":177,"column":5}},"80":{"start":{"line":176,"column":6},"end":{"line":176,"column":56}},"81":{"start":{"line":179,"column":4},"end":{"line":179,"column":77}},"82":{"start":{"line":179,"column":58},"end":{"line":179,"column":75}},"83":{"start":{"line":180,"column":4},"end":{"line":180,"column":60}},"84":{"start":{"line":14,"column":13},"end":{"line":14,"column":25}},"85":{"start":{"line":14,"column":13},"end":{"line":182,"column":null}}},"fnMap":{"0":{"name":"(anonymous_2)","decl":{"start":{"line":15,"column":2},"end":{"line":15,"column":null}},"loc":{"start":{"line":17,"column":61},"end":{"line":18,"column":6}}},"1":{"name":"(anonymous_3)","decl":{"start":{"line":20,"column":2},"end":{"line":20,"column":7}},"loc":{"start":{"line":20,"column":57},"end":{"line":80,"column":3}}},"2":{"name":"(anonymous_4)","decl":{"start":{"line":55,"column":27},"end":{"line":55,"column":32}},"loc":{"start":{"line":55,"column":40},"end":{"line":63,"column":7}}},"3":{"name":"(anonymous_5)","decl":{"start":{"line":82,"column":2},"end":{"line":82,"column":7}},"loc":{"start":{"line":82,"column":33},"end":{"line":93,"column":3}}},"4":{"name":"(anonymous_6)","decl":{"start":{"line":95,"column":2},"end":{"line":95,"column":9}},"loc":{"start":{"line":95,"column":20},"end":{"line":100,"column":3}}},"5":{"name":"(anonymous_7)","decl":{"start":{"line":102,"column":2},"end":{"line":102,"column":7}},"loc":{"start":{"line":102,"column":69},"end":{"line":135,"column":3}}},"6":{"name":"(anonymous_8)","decl":{"start":{"line":137,"column":2},"end":{"line":137,"column":7}},"loc":{"start":{"line":137,"column":37},"end":{"line":147,"column":3}}},"7":{"name":"(anonymous_9)","decl":{"start":{"line":149,"column":2},"end":{"line":149,"column":7}},"loc":{"start":{"line":149,"column":56},"end":{"line":164,"column":3}}},"8":{"name":"(anonymous_10)","decl":{"start":{"line":166,"column":2},"end":{"line":166,"column":7}},"loc":{"start":{"line":166,"column":59},"end":{"line":181,"column":3}}},"9":{"name":"(anonymous_11)","decl":{"start":{"line":179,"column":51},"end":{"line":179,"column":52}},"loc":{"start":{"line":179,"column":58},"end":{"line":179,"column":75}}}},"branchMap":{"0":{"loc":{"start":{"line":34,"column":4},"end":{"line":36,"column":5}},"type":"if","locations":[{"start":{"line":34,"column":4},"end":{"line":36,"column":5}}]},"1":{"loc":{"start":{"line":41,"column":4},"end":{"line":43,"column":5}},"type":"if","locations":[{"start":{"line":41,"column":4},"end":{"line":43,"column":5}}]},"2":{"loc":{"start":{"line":51,"column":4},"end":{"line":53,"column":5}},"type":"if","locations":[{"start":{"line":51,"column":4},"end":{"line":53,"column":5}}]},"3":{"loc":{"start":{"line":54,"column":4},"end":{"line":64,"column":5}},"type":"if","locations":[{"start":{"line":54,"column":4},"end":{"line":64,"column":5}}]},"4":{"loc":{"start":{"line":60,"column":8},"end":{"line":62,"column":9}},"type":"if","locations":[{"start":{"line":60,"column":8},"end":{"line":62,"column":9}}]},"5":{"loc":{"start":{"line":86,"column":4},"end":{"line":88,"column":5}},"type":"if","locations":[{"start":{"line":86,"column":4},"end":{"line":88,"column":5}}]},"6":{"loc":{"start":{"line":104,"column":4},"end":{"line":106,"column":5}},"type":"if","locations":[{"start":{"line":104,"column":4},"end":{"line":106,"column":5}}]},"7":{"loc":{"start":{"line":109,"column":4},"end":{"line":111,"column":5}},"type":"if","locations":[{"start":{"line":109,"column":4},"end":{"line":111,"column":5}}]},"8":{"loc":{"start":{"line":114,"column":4},"end":{"line":116,"column":5}},"type":"if","locations":[{"start":{"line":114,"column":4},"end":{"line":116,"column":5}}]},"9":{"loc":{"start":{"line":114,"column":8},"end":{"line":114,"column":65}},"type":"binary-expr","locations":[{"start":{"line":114,"column":8},"end":{"line":114,"column":14}},{"start":{"line":114,"column":18},"end":{"line":114,"column":23}},{"start":{"line":114,"column":27},"end":{"line":114,"column":39}},{"start":{"line":114,"column":43},"end":{"line":114,"column":53}},{"start":{"line":114,"column":57},"end":{"line":114,"column":65}}]},"10":{"loc":{"start":{"line":118,"column":4},"end":{"line":120,"column":5}},"type":"if","locations":[{"start":{"line":118,"column":4},"end":{"line":120,"column":5}}]},"11":{"loc":{"start":{"line":121,"column":4},"end":{"line":123,"column":5}},"type":"if","locations":[{"start":{"line":121,"column":4},"end":{"line":123,"column":5}}]},"12":{"loc":{"start":{"line":124,"column":4},"end":{"line":126,"column":5}},"type":"if","locations":[{"start":{"line":124,"column":4},"end":{"line":126,"column":5}}]},"13":{"loc":{"start":{"line":127,"column":4},"end":{"line":129,"column":5}},"type":"if","locations":[{"start":{"line":127,"column":4},"end":{"line":129,"column":5}}]},"14":{"loc":{"start":{"line":130,"column":4},"end":{"line":132,"column":5}},"type":"if","locations":[{"start":{"line":130,"column":4},"end":{"line":132,"column":5}}]},"15":{"loc":{"start":{"line":139,"column":4},"end":{"line":141,"column":5}},"type":"if","locations":[{"start":{"line":139,"column":4},"end":{"line":141,"column":5}}]},"16":{"loc":{"start":{"line":143,"column":4},"end":{"line":145,"column":5}},"type":"if","locations":[{"start":{"line":143,"column":4},"end":{"line":145,"column":5}}]},"17":{"loc":{"start":{"line":151,"column":4},"end":{"line":153,"column":5}},"type":"if","locations":[{"start":{"line":151,"column":4},"end":{"line":153,"column":5}}]},"18":{"loc":{"start":{"line":158,"column":4},"end":{"line":160,"column":5}},"type":"if","locations":[{"start":{"line":158,"column":4},"end":{"line":160,"column":5}}]},"19":{"loc":{"start":{"line":168,"column":4},"end":{"line":170,"column":5}},"type":"if","locations":[{"start":{"line":168,"column":4},"end":{"line":170,"column":5}}]},"20":{"loc":{"start":{"line":175,"column":4},"end":{"line":177,"column":5}},"type":"if","locations":[{"start":{"line":175,"column":4},"end":{"line":177,"column":5}}]}},"s":{"0":0,"1":0,"2":0,"3":0,"4":0,"5":0,"6":0,"7":0,"8":0,"9":0,"10":0,"11":0,"12":0,"13":0,"14":0,"15":0,"16":0,"17":0,"18":0,"19":0,"20":0,"21":0,"22":0,"23":0,"24":0,"25":0,"26":0,"27":0,"28":0,"29":0,"30":0,"31":0,"32":0,"33":0,"34":0,"35":0,"36":0,"37":0,"38":0,"39":0,"40":0,"41":0,"42":0,"43":0,"44":0,"45":0,"46":0,"47":0,"48":0,"49":0,"50":0,"51":0,"52":0,"53":0,"54":0,"55":0,"56":0,"57":0,"58":0,"59":0,"60":0,"61":0,"62":0,"63":0,"64":0,"65":0,"66":0,"67":0,"68":0,"69":0,"70":0,"71":0,"72":0,"73":0,"74":0,"75":0,"76":0,"77":0,"78":0,"79":0,"80":0,"81":0,"82":0,"83":0,"84":0,"85":0},"f":{"0":0,"1":0,"2":0,"3":0,"4":0,"5":0,"6":0,"7":0,"8":0,"9":0},"b":{"0":[0],"1":[0],"2":[0],"3":[0],"4":[0],"5":[0],"6":[0],"7":[0],"8":[0],"9":[0,0,0,0,0],"10":[0],"11":[0],"12":[0],"13":[0],"14":[0],"15":[0],"16":[0],"17":[0],"18":[0],"19":[0],"20":[0]}}
,"/home/tchep/projects/tontine_v2/tontine-api-v2/src/event/enum/event-type.ts": {"path":"/home/tchep/projects/tontine_v2/tontine-api-v2/src/event/enum/event-type.ts","statementMap":{"0":{"start":{"line":1,"column":0},"end":{"line":1,"column":null}},"1":{"start":{"line":2,"column":2},"end":{"line":2,"column":null}},"2":{"start":{"line":3,"column":2},"end":{"line":3,"column":null}},"3":{"start":{"line":4,"column":2},"end":{"line":4,"column":null}},"4":{"start":{"line":5,"column":2},"end":{"line":5,"column":null}},"5":{"start":{"line":6,"column":2},"end":{"line":6,"column":null}},"6":{"start":{"line":7,"column":2},"end":{"line":7,"column":null}},"7":{"start":{"line":8,"column":2},"end":{"line":8,"column":null}},"8":{"start":{"line":9,"column":2},"end":{"line":9,"column":null}},"9":{"start":{"line":10,"column":2},"end":{"line":10,"column":null}},"10":{"start":{"line":11,"column":2},"end":{"line":11,"column":null}},"11":{"start":{"line":12,"column":2},"end":{"line":12,"column":null}}},"fnMap":{"0":{"name":"(anonymous_0)","decl":{"start":{"line":1,"column":0},"end":{"line":1,"column":12}},"loc":{"start":{"line":1,"column":21},"end":{"line":13,"column":1}}}},"branchMap":{"0":{"loc":{"start":{"line":1,"column":12},"end":{"line":1,"column":null}},"type":"binary-expr","locations":[{"start":{"line":1,"column":12},"end":{"line":1,"column":21}},{"start":{"line":1,"column":21},"end":{"line":1,"column":null}}]}},"s":{"0":0,"1":0,"2":0,"3":0,"4":0,"5":0,"6":0,"7":0,"8":0,"9":0,"10":0,"11":0},"f":{"0":0},"b":{"0":[0,0]}}
,"/home/tchep/projects/tontine_v2/tontine-api-v2/src/loan/loan.controller.ts": {"path":"/home/tchep/projects/tontine_v2/tontine-api-v2/src/loan/loan.controller.ts","statementMap":{"0":{"start":{"line":1,"column":0},"end":{"line":1,"column":null}},"1":{"start":{"line":12,"column":0},"end":{"line":12,"column":45}},"2":{"start":{"line":13,"column":0},"end":{"line":13,"column":54}},"3":{"start":{"line":14,"column":0},"end":{"line":14,"column":54}},"4":{"start":{"line":15,"column":0},"end":{"line":15,"column":77}},"5":{"start":{"line":16,"column":0},"end":{"line":16,"column":70}},"6":{"start":{"line":17,"column":0},"end":{"line":17,"column":76}},"7":{"start":{"line":22,"column":7},"end":{"line":58,"column":null}},"8":{"start":{"line":23,"column":31},"end":{"line":23,"column":44}},"9":{"start":{"line":27,"column":17},"end":{"line":27,"column":25}},"10":{"start":{"line":28,"column":4},"end":{"line":28,"column":56}},"11":{"start":{"line":33,"column":4},"end":{"line":33,"column":47}},"12":{"start":{"line":38,"column":4},"end":{"line":38,"column":41}},"13":{"start":{"line":43,"column":4},"end":{"line":43,"column":55}},"14":{"start":{"line":48,"column":17},"end":{"line":48,"column":25}},"15":{"start":{"line":49,"column":4},"end":{"line":49,"column":46}},"16":{"start":{"line":55,"column":17},"end":{"line":55,"column":25}},"17":{"start":{"line":56,"column":4},"end":{"line":56,"column":44}},"18":{"start":{"line":22,"column":13},"end":{"line":22,"column":27}},"19":{"start":{"line":26,"column":2},"end":{"line":29,"column":null}},"20":{"start":{"line":32,"column":2},"end":{"line":34,"column":null}},"21":{"start":{"line":37,"column":2},"end":{"line":39,"column":null}},"22":{"start":{"line":42,"column":2},"end":{"line":44,"column":null}},"23":{"start":{"line":47,"column":2},"end":{"line":50,"column":null}},"24":{"start":{"line":54,"column":2},"end":{"line":57,"column":null}},"25":{"start":{"line":22,"column":13},"end":{"line":58,"column":null}}},"fnMap":{"0":{"name":"(anonymous_4)","decl":{"start":{"line":23,"column":2},"end":{"line":23,"column":31}},"loc":{"start":{"line":23,"column":55},"end":{"line":23,"column":59}}},"1":{"name":"(anonymous_5)","decl":{"start":{"line":26,"column":2},"end":{"line":26,"column":8}},"loc":{"start":{"line":26,"column":57},"end":{"line":29,"column":3}}},"2":{"name":"(anonymous_6)","decl":{"start":{"line":32,"column":2},"end":{"line":32,"column":9}},"loc":{"start":{"line":32,"column":47},"end":{"line":34,"column":3}}},"3":{"name":"(anonymous_7)","decl":{"start":{"line":37,"column":2},"end":{"line":37,"column":9}},"loc":{"start":{"line":37,"column":33},"end":{"line":39,"column":3}}},"4":{"name":"(anonymous_8)","decl":{"start":{"line":42,"column":2},"end":{"line":42,"column":8}},"loc":{"start":{"line":42,"column":70},"end":{"line":44,"column":3}}},"5":{"name":"(anonymous_9)","decl":{"start":{"line":47,"column":2},"end":{"line":47,"column":8}},"loc":{"start":{"line":47,"column":49},"end":{"line":50,"column":3}}},"6":{"name":"(anonymous_10)","decl":{"start":{"line":54,"column":2},"end":{"line":54,"column":6}},"loc":{"start":{"line":54,"column":47},"end":{"line":57,"column":3}}}},"branchMap":{},"s":{"0":0,"1":0,"2":0,"3":0,"4":0,"5":0,"6":0,"7":0,"8":0,"9":0,"10":0,"11":0,"12":0,"13":0,"14":0,"15":0,"16":0,"17":0,"18":0,"19":0,"20":0,"21":0,"22":0,"23":0,"24":0,"25":0},"f":{"0":0,"1":0,"2":0,"3":0,"4":0,"5":0,"6":0},"b":{}}
,"/home/tchep/projects/tontine_v2/tontine-api-v2/src/loan/loan.service.ts": {"path":"/home/tchep/projects/tontine_v2/tontine-api-v2/src/loan/loan.service.ts","statementMap":{"0":{"start":{"line":1,"column":0},"end":{"line":1,"column":65}},"1":{"start":{"line":2,"column":0},"end":{"line":2,"column":59}},"2":{"start":{"line":3,"column":0},"end":{"line":3,"column":62}},"3":{"start":{"line":4,"column":0},"end":{"line":4,"column":37}},"4":{"start":{"line":7,"column":0},"end":{"line":7,"column":46}},"5":{"start":{"line":8,"column":0},"end":{"line":8,"column":48}},"6":{"start":{"line":9,"column":0},"end":{"line":9,"column":70}},"7":{"start":{"line":11,"column":0},"end":{"line":11,"column":71}},"8":{"start":{"line":12,"column":0},"end":{"line":12,"column":76}},"9":{"start":{"line":13,"column":0},"end":{"line":13,"column":75}},"10":{"start":{"line":16,"column":7},"end":{"line":160,"column":null}},"11":{"start":{"line":18,"column":21},"end":{"line":18,"column":33}},"12":{"start":{"line":19,"column":21},"end":{"line":19,"column":42}},"13":{"start":{"line":23,"column":44},"end":{"line":23,"column":57}},"14":{"start":{"line":24,"column":20},"end":{"line":26,"column":67}},"15":{"start":{"line":27,"column":4},"end":{"line":29,"column":5}},"16":{"start":{"line":28,"column":6},"end":{"line":28,"column":57}},"17":{"start":{"line":31,"column":19},"end":{"line":33,"column":6}},"18":{"start":{"line":34,"column":4},"end":{"line":36,"column":5}},"19":{"start":{"line":35,"column":6},"end":{"line":35,"column":56}},"20":{"start":{"line":38,"column":19},"end":{"line":38,"column":33}},"21":{"start":{"line":40,"column":17},"end":{"line":40,"column":27}},"22":{"start":{"line":41,"column":4},"end":{"line":41,"column":25}},"23":{"start":{"line":42,"column":4},"end":{"line":42,"column":29}},"24":{"start":{"line":43,"column":4},"end":{"line":43,"column":25}},"25":{"start":{"line":44,"column":4},"end":{"line":44,"column":32}},"26":{"start":{"line":45,"column":4},"end":{"line":45,"column":37}},"27":{"start":{"line":46,"column":4},"end":{"line":46,"column":55}},"28":{"start":{"line":47,"column":4},"end":{"line":47,"column":47}},"29":{"start":{"line":48,"column":4},"end":{"line":48,"column":27}},"30":{"start":{"line":49,"column":22},"end":{"line":49,"column":74}},"31":{"start":{"line":51,"column":4},"end":{"line":59,"column":6}},"32":{"start":{"line":61,"column":4},"end":{"line":61,"column":21}},"33":{"start":{"line":65,"column":20},"end":{"line":67,"column":44}},"34":{"start":{"line":68,"column":4},"end":{"line":70,"column":5}},"35":{"start":{"line":69,"column":6},"end":{"line":69,"column":57}},"36":{"start":{"line":71,"column":4},"end":{"line":74,"column":7}},"37":{"start":{"line":78,"column":17},"end":{"line":80,"column":33}},"38":{"start":{"line":81,"column":4},"end":{"line":83,"column":5}},"39":{"start":{"line":82,"column":6},"end":{"line":82,"column":54}},"40":{"start":{"line":85,"column":4},"end":{"line":85,"column":16}},"41":{"start":{"line":89,"column":49},"end":{"line":89,"column":62}},"42":{"start":{"line":90,"column":17},"end":{"line":90,"column":39}},"43":{"start":{"line":91,"column":4},"end":{"line":93,"column":5}},"44":{"start":{"line":92,"column":6},"end":{"line":92,"column":54}},"45":{"start":{"line":95,"column":4},"end":{"line":97,"column":5}},"46":{"start":{"line":96,"column":6},"end":{"line":96,"column":27}},"47":{"start":{"line":98,"column":4},"end":{"line":100,"column":5}},"48":{"start":{"line":99,"column":6},"end":{"line":99,"column":27}},"49":{"start":{"line":101,"column":4},"end":{"line":103,"column":5}},"50":{"start":{"line":102,"column":6},"end":{"line":102,"column":31}},"51":{"start":{"line":104,"column":4},"end":{"line":115,"column":5}},"52":{"start":{"line":105,"column":23},"end":{"line":111,"column":25}},"53":{"start":{"line":107,"column":10},"end":{"line":109,"column":47}},"54":{"start":{"line":111,"column":20},"end":{"line":111,"column":24}},"55":{"start":{"line":113,"column":26},"end":{"line":113,"column":55}},"56":{"start":{"line":114,"column":6},"end":{"line":114,"column":32}},"57":{"start":{"line":117,"column":4},"end":{"line":117,"column":51}},"58":{"start":{"line":121,"column":17},"end":{"line":121,"column":39}},"59":{"start":{"line":122,"column":4},"end":{"line":124,"column":5}},"60":{"start":{"line":123,"column":6},"end":{"line":123,"column":54}},"61":{"start":{"line":126,"column":4},"end":{"line":132,"column":5}},"62":{"start":{"line":131,"column":6},"end":{"line":131,"column":75}},"63":{"start":{"line":134,"column":4},"end":{"line":134,"column":58}},"64":{"start":{"line":138,"column":17},"end":{"line":138,"column":39}},"65":{"start":{"line":139,"column":4},"end":{"line":141,"column":5}},"66":{"start":{"line":140,"column":6},"end":{"line":140,"column":54}},"67":{"start":{"line":143,"column":19},"end":{"line":145,"column":6}},"68":{"start":{"line":147,"column":4},"end":{"line":149,"column":5}},"69":{"start":{"line":148,"column":6},"end":{"line":148,"column":56}},"70":{"start":{"line":151,"column":4},"end":{"line":153,"column":5}},"71":{"start":{"line":152,"column":6},"end":{"line":152,"column":57}},"72":{"start":{"line":154,"column":4},"end":{"line":156,"column":5}},"73":{"start":{"line":155,"column":6},"end":{"line":155,"column":23}},"74":{"start":{"line":157,"column":4},"end":{"line":157,"column":32}},"75":{"start":{"line":158,"column":4},"end":{"line":158,"column":51}},"76":{"start":{"line":16,"column":13},"end":{"line":16,"column":24}},"77":{"start":{"line":16,"column":13},"end":{"line":160,"column":null}}},"fnMap":{"0":{"name":"(anonymous_2)","decl":{"start":{"line":17,"column":2},"end":{"line":17,"column":null}},"loc":{"start":{"line":19,"column":61},"end":{"line":20,"column":6}}},"1":{"name":"(anonymous_3)","decl":{"start":{"line":22,"column":2},"end":{"line":22,"column":7}},"loc":{"start":{"line":22,"column":55},"end":{"line":62,"column":3}}},"2":{"name":"(anonymous_4)","decl":{"start":{"line":64,"column":2},"end":{"line":64,"column":7}},"loc":{"start":{"line":64,"column":33},"end":{"line":75,"column":3}}},"3":{"name":"(anonymous_5)","decl":{"start":{"line":77,"column":2},"end":{"line":77,"column":7}},"loc":{"start":{"line":77,"column":26},"end":{"line":86,"column":3}}},"4":{"name":"(anonymous_6)","decl":{"start":{"line":88,"column":2},"end":{"line":88,"column":7}},"loc":{"start":{"line":88,"column":55},"end":{"line":118,"column":3}}},"5":{"name":"(anonymous_7)","decl":{"start":{"line":106,"column":16},"end":{"line":106,"column":21}},"loc":{"start":{"line":106,"column":28},"end":{"line":110,"column":9}}},"6":{"name":"(anonymous_8)","decl":{"start":{"line":111,"column":13},"end":{"line":111,"column":14}},"loc":{"start":{"line":111,"column":20},"end":{"line":111,"column":24}}},"7":{"name":"(anonymous_9)","decl":{"start":{"line":120,"column":2},"end":{"line":120,"column":7}},"loc":{"start":{"line":120,"column":37},"end":{"line":135,"column":3}}},"8":{"name":"(anonymous_10)","decl":{"start":{"line":137,"column":2},"end":{"line":137,"column":7}},"loc":{"start":{"line":137,"column":35},"end":{"line":159,"column":3}}}},"branchMap":{"0":{"loc":{"start":{"line":27,"column":4},"end":{"line":29,"column":5}},"type":"if","locations":[{"start":{"line":27,"column":4},"end":{"line":29,"column":5}}]},"1":{"loc":{"start":{"line":34,"column":4},"end":{"line":36,"column":5}},"type":"if","locations":[{"start":{"line":34,"column":4},"end":{"line":36,"column":5}}]},"2":{"loc":{"start":{"line":68,"column":4},"end":{"line":70,"column":5}},"type":"if","locations":[{"start":{"line":68,"column":4},"end":{"line":70,"column":5}}]},"3":{"loc":{"start":{"line":81,"column":4},"end":{"line":83,"column":5}},"type":"if","locations":[{"start":{"line":81,"column":4},"end":{"line":83,"column":5}}]},"4":{"loc":{"start":{"line":91,"column":4},"end":{"line":93,"column":5}},"type":"if","locations":[{"start":{"line":91,"column":4},"end":{"line":93,"column":5}}]},"5":{"loc":{"start":{"line":95,"column":4},"end":{"line":97,"column":5}},"type":"if","locations":[{"start":{"line":95,"column":4},"end":{"line":97,"column":5}}]},"6":{"loc":{"start":{"line":98,"column":4},"end":{"line":100,"column":5}},"type":"if","locations":[{"start":{"line":98,"column":4},"end":{"line":100,"column":5}}]},"7":{"loc":{"start":{"line":101,"column":4},"end":{"line":103,"column":5}},"type":"if","locations":[{"start":{"line":101,"column":4},"end":{"line":103,"column":5}}]},"8":{"loc":{"start":{"line":104,"column":4},"end":{"line":115,"column":5}},"type":"if","locations":[{"start":{"line":104,"column":4},"end":{"line":115,"column":5}}]},"9":{"loc":{"start":{"line":104,"column":8},"end":{"line":104,"column":35}},"type":"binary-expr","locations":[{"start":{"line":104,"column":8},"end":{"line":104,"column":14}},{"start":{"line":104,"column":18},"end":{"line":104,"column":35}}]},"10":{"loc":{"start":{"line":122,"column":4},"end":{"line":124,"column":5}},"type":"if","locations":[{"start":{"line":122,"column":4},"end":{"line":124,"column":5}}]},"11":{"loc":{"start":{"line":126,"column":4},"end":{"line":132,"column":5}},"type":"if","locations":[{"start":{"line":126,"column":4},"end":{"line":132,"column":5}}]},"12":{"loc":{"start":{"line":127,"column":6},"end":{"line":129,"column":49}},"type":"binary-expr","locations":[{"start":{"line":127,"column":6},"end":{"line":127,"column":42}},{"start":{"line":128,"column":6},"end":{"line":128,"column":48}},{"start":{"line":129,"column":6},"end":{"line":129,"column":49}}]},"13":{"loc":{"start":{"line":139,"column":4},"end":{"line":141,"column":5}},"type":"if","locations":[{"start":{"line":139,"column":4},"end":{"line":141,"column":5}}]},"14":{"loc":{"start":{"line":147,"column":4},"end":{"line":149,"column":5}},"type":"if","locations":[{"start":{"line":147,"column":4},"end":{"line":149,"column":5}}]},"15":{"loc":{"start":{"line":151,"column":4},"end":{"line":153,"column":5}},"type":"if","locations":[{"start":{"line":151,"column":4},"end":{"line":153,"column":5}}]},"16":{"loc":{"start":{"line":154,"column":4},"end":{"line":156,"column":5}},"type":"if","locations":[{"start":{"line":154,"column":4},"end":{"line":156,"column":5}}]}},"s":{"0":0,"1":0,"2":0,"3":0,"4":0,"5":0,"6":0,"7":0,"8":0,"9":0,"10":0,"11":0,"12":0,"13":0,"14":0,"15":0,"16":0,"17":0,"18":0,"19":0,"20":0,"21":0,"22":0,"23":0,"24":0,"25":0,"26":0,"27":0,"28":0,"29":0,"30":0,"31":0,"32":0,"33":0,"34":0,"35":0,"36":0,"37":0,"38":0,"39":0,"40":0,"41":0,"42":0,"43":0,"44":0,"45":0,"46":0,"47":0,"48":0,"49":0,"50":0,"51":0,"52":0,"53":0,"54":0,"55":0,"56":0,"57":0,"58":0,"59":0,"60":0,"61":0,"62":0,"63":0,"64":0,"65":0,"66":0,"67":0,"68":0,"69":0,"70":0,"71":0,"72":0,"73":0,"74":0,"75":0,"76":0,"77":0},"f":{"0":0,"1":0,"2":0,"3":0,"4":0,"5":0,"6":0,"7":0,"8":0},"b":{"0":[0],"1":[0],"2":[0],"3":[0],"4":[0],"5":[0],"6":[0],"7":[0],"8":[0],"9":[0,0],"10":[0],"11":[0],"12":[0,0,0],"13":[0],"14":[0],"15":[0],"16":[0]}}
,"/home/tchep/projects/tontine_v2/tontine-api-v2/src/loan/enum/status-loan.ts": {"path":"/home/tchep/projects/tontine_v2/tontine-api-v2/src/loan/enum/status-loan.ts","statementMap":{"0":{"start":{"line":1,"column":0},"end":{"line":1,"column":null}},"1":{"start":{"line":2,"column":2},"end":{"line":2,"column":null}},"2":{"start":{"line":3,"column":2},"end":{"line":3,"column":null}},"3":{"start":{"line":4,"column":2},"end":{"line":4,"column":null}},"4":{"start":{"line":5,"column":2},"end":{"line":5,"column":null}},"5":{"start":{"line":6,"column":2},"end":{"line":6,"column":null}}},"fnMap":{"0":{"name":"(anonymous_0)","decl":{"start":{"line":1,"column":0},"end":{"line":1,"column":12}},"loc":{"start":{"line":1,"column":22},"end":{"line":7,"column":1}}}},"branchMap":{"0":{"loc":{"start":{"line":1,"column":12},"end":{"line":1,"column":null}},"type":"binary-expr","locations":[{"start":{"line":1,"column":12},"end":{"line":1,"column":22}},{"start":{"line":1,"column":22},"end":{"line":1,"column":null}}]}},"s":{"0":0,"1":0,"2":0,"3":0,"4":0,"5":0},"f":{"0":0},"b":{"0":[0,0]}}
,"/home/tchep/projects/tontine_v2/tontine-api-v2/src/member/member.controller.ts": {"path":"/home/tchep/projects/tontine_v2/tontine-api-v2/src/member/member.controller.ts","statementMap":{"0":{"start":{"line":1,"column":0},"end":{"line":1,"column":null}},"1":{"start":{"line":13,"column":0},"end":{"line":13,"column":58}},"2":{"start":{"line":14,"column":0},"end":{"line":14,"column":58}},"3":{"start":{"line":15,"column":0},"end":{"line":15,"column":49}},"4":{"start":{"line":16,"column":0},"end":{"line":16,"column":70}},"5":{"start":{"line":17,"column":0},"end":{"line":17,"column":77}},"6":{"start":{"line":18,"column":0},"end":{"line":18,"column":76}},"7":{"start":{"line":19,"column":0},"end":{"line":19,"column":70}},"8":{"start":{"line":20,"column":0},"end":{"line":20,"column":72}},"9":{"start":{"line":24,"column":7},"end":{"line":74,"column":null}},"10":{"start":{"line":25,"column":31},"end":{"line":25,"column":46}},"11":{"start":{"line":30,"column":4},"end":{"line":30,"column":51}},"12":{"start":{"line":36,"column":4},"end":{"line":36,"column":45}},"13":{"start":{"line":37,"column":4},"end":{"line":37,"column":51}},"14":{"start":{"line":43,"column":21},"end":{"line":43,"column":24}},"15":{"start":{"line":44,"column":4},"end":{"line":46,"column":5}},"16":{"start":{"line":45,"column":6},"end":{"line":45,"column":62}},"17":{"start":{"line":47,"column":4},"end":{"line":47,"column":60}},"18":{"start":{"line":53,"column":4},"end":{"line":53,"column":59}},"19":{"start":{"line":59,"column":4},"end":{"line":59,"column":42}},"20":{"start":{"line":65,"column":4},"end":{"line":65,"column":55}},"21":{"start":{"line":69,"column":4},"end":{"line":71,"column":5}},"22":{"start":{"line":70,"column":6},"end":{"line":70,"column":43}},"23":{"start":{"line":72,"column":4},"end":{"line":72,"column":54}},"24":{"start":{"line":24,"column":13},"end":{"line":24,"column":29}},"25":{"start":{"line":29,"column":2},"end":{"line":31,"column":null}},"26":{"start":{"line":35,"column":2},"end":{"line":38,"column":null}},"27":{"start":{"line":42,"column":2},"end":{"line":48,"column":null}},"28":{"start":{"line":52,"column":2},"end":{"line":54,"column":null}},"29":{"start":{"line":58,"column":2},"end":{"line":60,"column":null}},"30":{"start":{"line":64,"column":2},"end":{"line":66,"column":null}},"31":{"start":{"line":24,"column":13},"end":{"line":74,"column":null}}},"fnMap":{"0":{"name":"(anonymous_4)","decl":{"start":{"line":25,"column":2},"end":{"line":25,"column":31}},"loc":{"start":{"line":25,"column":59},"end":{"line":25,"column":63}}},"1":{"name":"(anonymous_5)","decl":{"start":{"line":29,"column":2},"end":{"line":29,"column":8}},"loc":{"start":{"line":29,"column":49},"end":{"line":31,"column":3}}},"2":{"name":"(anonymous_6)","decl":{"start":{"line":35,"column":2},"end":{"line":35,"column":19}},"loc":{"start":{"line":35,"column":60},"end":{"line":38,"column":3}}},"3":{"name":"(anonymous_7)","decl":{"start":{"line":42,"column":2},"end":{"line":42,"column":9}},"loc":{"start":{"line":42,"column":25},"end":{"line":48,"column":3}}},"4":{"name":"(anonymous_8)","decl":{"start":{"line":52,"column":2},"end":{"line":52,"column":8}},"loc":{"start":{"line":52,"column":74},"end":{"line":54,"column":3}}},"5":{"name":"(anonymous_9)","decl":{"start":{"line":58,"column":2},"end":{"line":58,"column":8}},"loc":{"start":{"line":58,"column":32},"end":{"line":60,"column":3}}},"6":{"name":"(anonymous_10)","decl":{"start":{"line":64,"column":2},"end":{"line":64,"column":16}},"loc":{"start":{"line":64,"column":52},"end":{"line":66,"column":3}}},"7":{"name":"(anonymous_11)","decl":{"start":{"line":68,"column":10},"end":{"line":68,"column":27}},"loc":{"start":{"line":68,"column":60},"end":{"line":73,"column":3}}}},"branchMap":{"0":{"loc":{"start":{"line":44,"column":4},"end":{"line":46,"column":5}},"type":"if","locations":[{"start":{"line":44,"column":4},"end":{"line":46,"column":5}}]},"1":{"loc":{"start":{"line":69,"column":4},"end":{"line":71,"column":5}},"type":"if","locations":[{"start":{"line":69,"column":4},"end":{"line":71,"column":5}}]}},"s":{"0":0,"1":0,"2":0,"3":0,"4":0,"5":0,"6":0,"7":0,"8":0,"9":0,"10":0,"11":0,"12":0,"13":0,"14":0,"15":0,"16":0,"17":0,"18":0,"19":0,"20":0,"21":0,"22":0,"23":0,"24":0,"25":0,"26":0,"27":0,"28":0,"29":0,"30":0,"31":0},"f":{"0":0,"1":0,"2":0,"3":0,"4":0,"5":0,"6":0,"7":0},"b":{"0":[0],"1":[0]}}
,"/home/tchep/projects/tontine_v2/tontine-api-v2/src/member/member.provider.ts": {"path":"/home/tchep/projects/tontine_v2/tontine-api-v2/src/member/member.provider.ts","statementMap":{"0":{"start":{"line":2,"column":0},"end":{"line":2,"column":50}},"1":{"start":{"line":4,"column":13},"end":{"line":10,"column":2}},"2":{"start":{"line":7,"column":44},"end":{"line":7,"column":76}}},"fnMap":{"0":{"name":"(anonymous_0)","decl":{"start":{"line":7,"column":16},"end":{"line":7,"column":17}},"loc":{"start":{"line":7,"column":44},"end":{"line":7,"column":76}}}},"branchMap":{},"s":{"0":0,"1":0,"2":0},"f":{"0":0},"b":{}}
,"/home/tchep/projects/tontine_v2/tontine-api-v2/src/member/member.service.ts": {"path":"/home/tchep/projects/tontine_v2/tontine-api-v2/src/member/member.service.ts","statementMap":{"0":{"start":{"line":1,"column":0},"end":{"line":1,"column":null}},"1":{"start":{"line":6,"column":0},"end":{"line":6,"column":88}},"2":{"start":{"line":8,"column":0},"end":{"line":8,"column":70}},"3":{"start":{"line":9,"column":0},"end":{"line":9,"column":37}},"4":{"start":{"line":10,"column":0},"end":{"line":10,"column":null}},"5":{"start":{"line":15,"column":0},"end":{"line":15,"column":50}},"6":{"start":{"line":16,"column":0},"end":{"line":16,"column":54}},"7":{"start":{"line":19,"column":7},"end":{"line":126,"column":null}},"8":{"start":{"line":21,"column":21},"end":{"line":21,"column":33}},"9":{"start":{"line":22,"column":21},"end":{"line":22,"column":46}},"10":{"start":{"line":26,"column":19},"end":{"line":26,"column":61}},"11":{"start":{"line":28,"column":4},"end":{"line":28,"column":43}},"12":{"start":{"line":30,"column":4},"end":{"line":40,"column":5}},"13":{"start":{"line":31,"column":19},"end":{"line":32,"column":null}},"14":{"start":{"line":34,"column":6},"end":{"line":36,"column":7}},"15":{"start":{"line":35,"column":8},"end":{"line":35,"column":63}},"16":{"start":{"line":38,"column":6},"end":{"line":39,"column":67}},"17":{"start":{"line":41,"column":21},"end":{"line":45,"column":18}},"18":{"start":{"line":47,"column":17},"end":{"line":47,"column":70}},"19":{"start":{"line":48,"column":4},"end":{"line":48,"column":23}},"20":{"start":{"line":50,"column":4},"end":{"line":50,"column":68}},"21":{"start":{"line":54,"column":4},"end":{"line":54,"column":56}},"22":{"start":{"line":58,"column":19},"end":{"line":60,"column":33}},"23":{"start":{"line":61,"column":4},"end":{"line":65,"column":5}},"24":{"start":{"line":62,"column":6},"end":{"line":62,"column":20}},"25":{"start":{"line":64,"column":6},"end":{"line":64,"column":68}},"26":{"start":{"line":69,"column":17},"end":{"line":69,"column":76}},"27":{"start":{"line":70,"column":4},"end":{"line":72,"column":5}},"28":{"start":{"line":71,"column":6},"end":{"line":71,"column":18}},"29":{"start":{"line":73,"column":4},"end":{"line":79,"column":16}},"30":{"start":{"line":83,"column":19},"end":{"line":85,"column":33}},"31":{"start":{"line":86,"column":50},"end":{"line":86,"column":65}},"32":{"start":{"line":87,"column":4},"end":{"line":95,"column":5}},"33":{"start":{"line":88,"column":6},"end":{"line":88,"column":55}},"34":{"start":{"line":89,"column":6},"end":{"line":89,"column":52}},"35":{"start":{"line":90,"column":6},"end":{"line":90,"column":43}},"36":{"start":{"line":91,"column":6},"end":{"line":91,"column":43}},"37":{"start":{"line":92,"column":6},"end":{"line":92,"column":64}},"38":{"start":{"line":94,"column":6},"end":{"line":94,"column":68}},"39":{"start":{"line":99,"column":19},"end":{"line":101,"column":33}},"40":{"start":{"line":102,"column":4},"end":{"line":107,"column":5}},"41":{"start":{"line":103,"column":6},"end":{"line":103,"column":30}},"42":{"start":{"line":104,"column":6},"end":{"line":104,"column":57}},"43":{"start":{"line":106,"column":6},"end":{"line":106,"column":68}},"44":{"start":{"line":111,"column":4},"end":{"line":113,"column":5}},"45":{"start":{"line":112,"column":6},"end":{"line":112,"column":76}},"46":{"start":{"line":114,"column":37},"end":{"line":114,"column":63}},"47":{"start":{"line":115,"column":4},"end":{"line":119,"column":5}},"48":{"start":{"line":116,"column":6},"end":{"line":118,"column":8}},"49":{"start":{"line":120,"column":4},"end":{"line":124,"column":5}},"50":{"start":{"line":121,"column":6},"end":{"line":123,"column":8}},"51":{"start":{"line":19,"column":13},"end":{"line":19,"column":26}},"52":{"start":{"line":19,"column":13},"end":{"line":126,"column":null}}},"fnMap":{"0":{"name":"(anonymous_2)","decl":{"start":{"line":20,"column":2},"end":{"line":20,"column":null}},"loc":{"start":{"line":22,"column":69},"end":{"line":23,"column":6}}},"1":{"name":"(anonymous_3)","decl":{"start":{"line":25,"column":2},"end":{"line":25,"column":7}},"loc":{"start":{"line":25,"column":47},"end":{"line":51,"column":3}}},"2":{"name":"(anonymous_4)","decl":{"start":{"line":53,"column":2},"end":{"line":53,"column":9}},"loc":{"start":{"line":53,"column":9},"end":{"line":55,"column":3}}},"3":{"name":"(anonymous_5)","decl":{"start":{"line":57,"column":2},"end":{"line":57,"column":7}},"loc":{"start":{"line":57,"column":26},"end":{"line":66,"column":3}}},"4":{"name":"(anonymous_6)","decl":{"start":{"line":68,"column":2},"end":{"line":68,"column":7}},"loc":{"start":{"line":68,"column":39},"end":{"line":80,"column":3}}},"5":{"name":"(anonymous_7)","decl":{"start":{"line":82,"column":2},"end":{"line":82,"column":7}},"loc":{"start":{"line":82,"column":59},"end":{"line":96,"column":3}}},"6":{"name":"(anonymous_8)","decl":{"start":{"line":98,"column":2},"end":{"line":98,"column":7}},"loc":{"start":{"line":98,"column":25},"end":{"line":108,"column":3}}},"7":{"name":"(anonymous_9)","decl":{"start":{"line":110,"column":10},"end":{"line":110,"column":26}},"loc":{"start":{"line":110,"column":59},"end":{"line":125,"column":3}}}},"branchMap":{"0":{"loc":{"start":{"line":30,"column":4},"end":{"line":40,"column":5}},"type":"if","locations":[{"start":{"line":30,"column":4},"end":{"line":40,"column":5}},{"start":{"line":37,"column":11},"end":{"line":40,"column":5}}]},"1":{"loc":{"start":{"line":34,"column":6},"end":{"line":36,"column":7}},"type":"if","locations":[{"start":{"line":34,"column":6},"end":{"line":36,"column":7}}]},"2":{"loc":{"start":{"line":44,"column":12},"end":{"line":44,"column":52}},"type":"binary-expr","locations":[{"start":{"line":44,"column":12},"end":{"line":44,"column":34}},{"start":{"line":44,"column":38},"end":{"line":44,"column":52}}]},"3":{"loc":{"start":{"line":61,"column":4},"end":{"line":65,"column":5}},"type":"if","locations":[{"start":{"line":61,"column":4},"end":{"line":65,"column":5}},{"start":{"line":63,"column":11},"end":{"line":65,"column":5}}]},"4":{"loc":{"start":{"line":70,"column":4},"end":{"line":72,"column":5}},"type":"if","locations":[{"start":{"line":70,"column":4},"end":{"line":72,"column":5}}]},"5":{"loc":{"start":{"line":87,"column":4},"end":{"line":95,"column":5}},"type":"if","locations":[{"start":{"line":87,"column":4},"end":{"line":95,"column":5}},{"start":{"line":93,"column":11},"end":{"line":95,"column":5}}]},"6":{"loc":{"start":{"line":88,"column":25},"end":{"line":88,"column":54}},"type":"binary-expr","locations":[{"start":{"line":88,"column":25},"end":{"line":88,"column":34}},{"start":{"line":88,"column":38},"end":{"line":88,"column":54}}]},"7":{"loc":{"start":{"line":89,"column":24},"end":{"line":89,"column":51}},"type":"binary-expr","locations":[{"start":{"line":89,"column":24},"end":{"line":89,"column":32}},{"start":{"line":89,"column":36},"end":{"line":89,"column":51}}]},"8":{"loc":{"start":{"line":90,"column":21},"end":{"line":90,"column":42}},"type":"binary-expr","locations":[{"start":{"line":90,"column":21},"end":{"line":90,"column":26}},{"start":{"line":90,"column":30},"end":{"line":90,"column":42}}]},"9":{"loc":{"start":{"line":91,"column":21},"end":{"line":91,"column":42}},"type":"binary-expr","locations":[{"start":{"line":91,"column":21},"end":{"line":91,"column":26}},{"start":{"line":91,"column":30},"end":{"line":91,"column":42}}]},"10":{"loc":{"start":{"line":102,"column":4},"end":{"line":107,"column":5}},"type":"if","locations":[{"start":{"line":102,"column":4},"end":{"line":107,"column":5}},{"start":{"line":105,"column":11},"end":{"line":107,"column":5}}]},"11":{"loc":{"start":{"line":111,"column":4},"end":{"line":113,"column":5}},"type":"if","locations":[{"start":{"line":111,"column":4},"end":{"line":113,"column":5}}]},"12":{"loc":{"start":{"line":115,"column":4},"end":{"line":119,"column":5}},"type":"if","locations":[{"start":{"line":115,"column":4},"end":{"line":119,"column":5}}]},"13":{"loc":{"start":{"line":120,"column":4},"end":{"line":124,"column":5}},"type":"if","locations":[{"start":{"line":120,"column":4},"end":{"line":124,"column":5}}]}},"s":{"0":0,"1":0,"2":0,"3":0,"4":0,"5":0,"6":0,"7":0,"8":0,"9":0,"10":0,"11":0,"12":0,"13":0,"14":0,"15":0,"16":0,"17":0,"18":0,"19":0,"20":0,"21":0,"22":0,"23":0,"24":0,"25":0,"26":0,"27":0,"28":0,"29":0,"30":0,"31":0,"32":0,"33":0,"34":0,"35":0,"36":0,"37":0,"38":0,"39":0,"40":0,"41":0,"42":0,"43":0,"44":0,"45":0,"46":0,"47":0,"48":0,"49":0,"50":0,"51":0,"52":0},"f":{"0":0,"1":0,"2":0,"3":0,"4":0,"5":0,"6":0,"7":0},"b":{"0":[0,0],"1":[0],"2":[0,0],"3":[0,0],"4":[0],"5":[0,0],"6":[0,0],"7":[0,0],"8":[0,0],"9":[0,0],"10":[0,0],"11":[0],"12":[0],"13":[0]}}
,"/home/tchep/projects/tontine_v2/tontine-api-v2/src/notification/notification.controller.ts": {"path":"/home/tchep/projects/tontine_v2/tontine-api-v2/src/notification/notification.controller.ts","statementMap":{"0":{"start":{"line":1,"column":0},"end":{"line":1,"column":null}},"1":{"start":{"line":11,"column":0},"end":{"line":11,"column":61}},"2":{"start":{"line":12,"column":0},"end":{"line":12,"column":70}},"3":{"start":{"line":13,"column":0},"end":{"line":13,"column":76}},"4":{"start":{"line":14,"column":0},"end":{"line":14,"column":77}},"5":{"start":{"line":15,"column":0},"end":{"line":15,"column":70}},"6":{"start":{"line":20,"column":35},"end":{"line":36,"column":null}},"7":{"start":{"line":22,"column":31},"end":{"line":22,"column":52}},"8":{"start":{"line":21,"column":19},"end":{"line":21,"column":68}},"9":{"start":{"line":26,"column":4},"end":{"line":26,"column":64}},"10":{"start":{"line":34,"column":4},"end":{"line":34,"column":76}},"11":{"start":{"line":20,"column":13},"end":{"line":20,"column":35}},"12":{"start":{"line":25,"column":8},"end":{"line":27,"column":null}},"13":{"start":{"line":30,"column":2},"end":{"line":35,"column":null}},"14":{"start":{"line":20,"column":13},"end":{"line":36,"column":null}}},"fnMap":{"0":{"name":"(anonymous_4)","decl":{"start":{"line":22,"column":2},"end":{"line":22,"column":31}},"loc":{"start":{"line":22,"column":71},"end":{"line":22,"column":75}}},"1":{"name":"(anonymous_5)","decl":{"start":{"line":25,"column":2},"end":{"line":25,"column":7}},"loc":{"start":{"line":25,"column":53},"end":{"line":27,"column":3}}},"2":{"name":"(anonymous_6)","decl":{"start":{"line":30,"column":2},"end":{"line":30,"column":8}},"loc":{"start":{"line":32,"column":19},"end":{"line":35,"column":3}}}},"branchMap":{},"s":{"0":0,"1":0,"2":0,"3":0,"4":0,"5":0,"6":0,"7":0,"8":0,"9":0,"10":0,"11":0,"12":0,"13":0,"14":0},"f":{"0":0,"1":0,"2":0},"b":{}}
,"/home/tchep/projects/tontine_v2/tontine-api-v2/src/notification/notification.service.ts": {"path":"/home/tchep/projects/tontine_v2/tontine-api-v2/src/notification/notification.service.ts","statementMap":{"0":{"start":{"line":1,"column":0},"end":{"line":1,"column":65}},"1":{"start":{"line":2,"column":0},"end":{"line":2,"column":37}},"2":{"start":{"line":4,"column":0},"end":{"line":4,"column":62}},"3":{"start":{"line":5,"column":0},"end":{"line":5,"column":69}},"4":{"start":{"line":6,"column":0},"end":{"line":6,"column":62}},"5":{"start":{"line":8,"column":0},"end":{"line":8,"column":59}},"6":{"start":{"line":11,"column":7},"end":{"line":99,"column":null}},"7":{"start":{"line":14,"column":31},"end":{"line":14,"column":43}},"8":{"start":{"line":12,"column":19},"end":{"line":12,"column":44}},"9":{"start":{"line":17,"column":20},"end":{"line":19,"column":49}},"10":{"start":{"line":20,"column":4},"end":{"line":22,"column":5}},"11":{"start":{"line":21,"column":6},"end":{"line":21,"column":57}},"12":{"start":{"line":24,"column":19},"end":{"line":27,"column":6}},"13":{"start":{"line":28,"column":4},"end":{"line":30,"column":5}},"14":{"start":{"line":29,"column":6},"end":{"line":29,"column":56}},"15":{"start":{"line":31,"column":4},"end":{"line":33,"column":5}},"16":{"start":{"line":31,"column":37},"end":{"line":31,"column":55}},"17":{"start":{"line":32,"column":6},"end":{"line":32,"column":67}},"18":{"start":{"line":35,"column":25},"end":{"line":35,"column":43}},"19":{"start":{"line":36,"column":4},"end":{"line":36,"column":53}},"20":{"start":{"line":37,"column":4},"end":{"line":37,"column":40}},"21":{"start":{"line":38,"column":4},"end":{"line":38,"column":32}},"22":{"start":{"line":39,"column":4},"end":{"line":39,"column":35}},"23":{"start":{"line":40,"column":4},"end":{"line":40,"column":34}},"24":{"start":{"line":42,"column":4},"end":{"line":42,"column":73}},"25":{"start":{"line":43,"column":4},"end":{"line":45,"column":5}},"26":{"start":{"line":44,"column":6},"end":{"line":44,"column":32}},"27":{"start":{"line":46,"column":4},"end":{"line":46,"column":44}},"28":{"start":{"line":47,"column":4},"end":{"line":47,"column":79}},"29":{"start":{"line":51,"column":23},"end":{"line":53,"column":6}},"30":{"start":{"line":55,"column":4},"end":{"line":57,"column":5}},"31":{"start":{"line":56,"column":6},"end":{"line":56,"column":38}},"32":{"start":{"line":59,"column":4},"end":{"line":63,"column":7}},"33":{"start":{"line":67,"column":20},"end":{"line":69,"column":44}},"34":{"start":{"line":70,"column":4},"end":{"line":72,"column":5}},"35":{"start":{"line":71,"column":6},"end":{"line":71,"column":57}},"36":{"start":{"line":74,"column":26},"end":{"line":80,"column":8}},"37":{"start":{"line":81,"column":4},"end":{"line":85,"column":8}},"38":{"start":{"line":81,"column":48},"end":{"line":85,"column":6}},"39":{"start":{"line":89,"column":4},"end":{"line":89,"column":55}},"40":{"start":{"line":93,"column":4},"end":{"line":93,"column":55}},"41":{"start":{"line":97,"column":4},"end":{"line":97,"column":55}},"42":{"start":{"line":11,"column":13},"end":{"line":11,"column":32}},"43":{"start":{"line":11,"column":13},"end":{"line":99,"column":null}}},"fnMap":{"0":{"name":"(anonymous_2)","decl":{"start":{"line":14,"column":2},"end":{"line":14,"column":31}},"loc":{"start":{"line":14,"column":53},"end":{"line":14,"column":57}}},"1":{"name":"(anonymous_3)","decl":{"start":{"line":16,"column":2},"end":{"line":16,"column":7}},"loc":{"start":{"line":16,"column":54},"end":{"line":48,"column":3}}},"2":{"name":"(anonymous_4)","decl":{"start":{"line":31,"column":30},"end":{"line":31,"column":31}},"loc":{"start":{"line":31,"column":37},"end":{"line":31,"column":55}}},"3":{"name":"(anonymous_5)","decl":{"start":{"line":50,"column":2},"end":{"line":50,"column":9}},"loc":{"start":{"line":50,"column":46},"end":{"line":64,"column":3}}},"4":{"name":"(anonymous_6)","decl":{"start":{"line":66,"column":2},"end":{"line":66,"column":7}},"loc":{"start":{"line":66,"column":41},"end":{"line":86,"column":3}}},"5":{"name":"(anonymous_7)","decl":{"start":{"line":81,"column":29},"end":{"line":81,"column":30}},"loc":{"start":{"line":81,"column":48},"end":{"line":85,"column":6}}},"6":{"name":"(anonymous_8)","decl":{"start":{"line":88,"column":2},"end":{"line":88,"column":9}},"loc":{"start":{"line":88,"column":20},"end":{"line":90,"column":3}}},"7":{"name":"(anonymous_9)","decl":{"start":{"line":92,"column":2},"end":{"line":92,"column":8}},"loc":{"start":{"line":92,"column":19},"end":{"line":94,"column":3}}},"8":{"name":"(anonymous_10)","decl":{"start":{"line":96,"column":2},"end":{"line":96,"column":8}},"loc":{"start":{"line":96,"column":19},"end":{"line":98,"column":3}}}},"branchMap":{"0":{"loc":{"start":{"line":20,"column":4},"end":{"line":22,"column":5}},"type":"if","locations":[{"start":{"line":20,"column":4},"end":{"line":22,"column":5}}]},"1":{"loc":{"start":{"line":28,"column":4},"end":{"line":30,"column":5}},"type":"if","locations":[{"start":{"line":28,"column":4},"end":{"line":30,"column":5}}]},"2":{"loc":{"start":{"line":31,"column":4},"end":{"line":33,"column":5}},"type":"if","locations":[{"start":{"line":31,"column":4},"end":{"line":33,"column":5}}]},"3":{"loc":{"start":{"line":43,"column":4},"end":{"line":45,"column":5}},"type":"if","locations":[{"start":{"line":43,"column":4},"end":{"line":45,"column":5}}]},"4":{"loc":{"start":{"line":55,"column":4},"end":{"line":57,"column":5}},"type":"if","locations":[{"start":{"line":55,"column":4},"end":{"line":57,"column":5}}]},"5":{"loc":{"start":{"line":70,"column":4},"end":{"line":72,"column":5}},"type":"if","locations":[{"start":{"line":70,"column":4},"end":{"line":72,"column":5}}]}},"s":{"0":0,"1":0,"2":0,"3":0,"4":0,"5":0,"6":0,"7":0,"8":0,"9":0,"10":0,"11":0,"12":0,"13":0,"14":0,"15":0,"16":0,"17":0,"18":0,"19":0,"20":0,"21":0,"22":0,"23":0,"24":0,"25":0,"26":0,"27":0,"28":0,"29":0,"30":0,"31":0,"32":0,"33":0,"34":0,"35":0,"36":0,"37":0,"38":0,"39":0,"40":0,"41":0,"42":0,"43":0},"f":{"0":0,"1":0,"2":0,"3":0,"4":0,"5":0,"6":0,"7":0,"8":0},"b":{"0":[0],"1":[0],"2":[0],"3":[0],"4":[0],"5":[0]}}
,"/home/tchep/projects/tontine_v2/tontine-api-v2/src/notification/enum/type-notification.ts": {"path":"/home/tchep/projects/tontine_v2/tontine-api-v2/src/notification/enum/type-notification.ts","statementMap":{"0":{"start":{"line":1,"column":0},"end":{"line":1,"column":null}},"1":{"start":{"line":2,"column":2},"end":{"line":2,"column":null}},"2":{"start":{"line":3,"column":2},"end":{"line":3,"column":null}},"3":{"start":{"line":4,"column":2},"end":{"line":4,"column":null}},"4":{"start":{"line":5,"column":2},"end":{"line":5,"column":null}},"5":{"start":{"line":6,"column":2},"end":{"line":6,"column":null}},"6":{"start":{"line":7,"column":2},"end":{"line":7,"column":null}},"7":{"start":{"line":8,"column":2},"end":{"line":8,"column":null}}},"fnMap":{"0":{"name":"(anonymous_0)","decl":{"start":{"line":1,"column":0},"end":{"line":1,"column":12}},"loc":{"start":{"line":1,"column":28},"end":{"line":9,"column":1}}}},"branchMap":{"0":{"loc":{"start":{"line":1,"column":12},"end":{"line":1,"column":null}},"type":"binary-expr","locations":[{"start":{"line":1,"column":12},"end":{"line":1,"column":28}},{"start":{"line":1,"column":28},"end":{"line":1,"column":null}}]}},"s":{"0":0,"1":0,"2":0,"3":0,"4":0,"5":0,"6":0,"7":0},"f":{"0":0},"b":{"0":[0,0]}}
,"/home/tchep/projects/tontine_v2/tontine-api-v2/src/notification/utility/message-notification.ts": {"path":"/home/tchep/projects/tontine_v2/tontine-api-v2/src/notification/utility/message-notification.ts","statementMap":{"0":{"start":{"line":38,"column":0},"end":{"line":38,"column":16}},"1":{"start":{"line":51,"column":0},"end":{"line":51,"column":16}},"2":{"start":{"line":58,"column":0},"end":{"line":58,"column":16}},"3":{"start":{"line":5,"column":13},"end":{"line":12,"column":2}},"4":{"start":{"line":14,"column":13},"end":{"line":21,"column":2}},"5":{"start":{"line":23,"column":13},"end":{"line":30,"column":2}},"6":{"start":{"line":32,"column":0},"end":{"line":32,"column":null}},"7":{"start":{"line":33,"column":2},"end":{"line":33,"column":null}},"8":{"start":{"line":34,"column":2},"end":{"line":34,"column":null}},"9":{"start":{"line":35,"column":2},"end":{"line":35,"column":null}},"10":{"start":{"line":39,"column":2},"end":{"line":48,"column":3}},"11":{"start":{"line":41,"column":6},"end":{"line":41,"column":61}},"12":{"start":{"line":43,"column":6},"end":{"line":43,"column":61}},"13":{"start":{"line":45,"column":6},"end":{"line":45,"column":61}},"14":{"start":{"line":47,"column":6},"end":{"line":47,"column":16}},"15":{"start":{"line":55,"column":2},"end":{"line":55,"column":70}},"16":{"start":{"line":62,"column":2},"end":{"line":62,"column":66}}},"fnMap":{"0":{"name":"(anonymous_0)","decl":{"start":{"line":32,"column":0},"end":{"line":32,"column":12}},"loc":{"start":{"line":32,"column":18},"end":{"line":36,"column":1}}},"1":{"name":"messageNotification","decl":{"start":{"line":38,"column":16},"end":{"line":38,"column":35}},"loc":{"start":{"line":38,"column":74},"end":{"line":49,"column":1}}},"2":{"name":"messageDeposit","decl":{"start":{"line":51,"column":16},"end":{"line":51,"column":30}},"loc":{"start":{"line":53,"column":18},"end":{"line":56,"column":1}}},"3":{"name":"messageLoan","decl":{"start":{"line":58,"column":16},"end":{"line":58,"column":27}},"loc":{"start":{"line":60,"column":12},"end":{"line":63,"column":1}}}},"branchMap":{"0":{"loc":{"start":{"line":32,"column":12},"end":{"line":32,"column":null}},"type":"binary-expr","locations":[{"start":{"line":32,"column":12},"end":{"line":32,"column":18}},{"start":{"line":32,"column":18},"end":{"line":32,"column":null}}]},"1":{"loc":{"start":{"line":39,"column":2},"end":{"line":48,"column":3}},"type":"switch","locations":[{"start":{"line":40,"column":4},"end":{"line":41,"column":61}},{"start":{"line":42,"column":4},"end":{"line":43,"column":61}},{"start":{"line":44,"column":4},"end":{"line":45,"column":61}},{"start":{"line":46,"column":4},"end":{"line":47,"column":16}}]}},"s":{"0":0,"1":0,"2":0,"3":0,"4":0,"5":0,"6":0,"7":0,"8":0,"9":0,"10":0,"11":0,"12":0,"13":0,"14":0,"15":0,"16":0},"f":{"0":0,"1":0,"2":0,"3":0},"b":{"0":[0,0],"1":[0,0,0,0]}}
,"/home/tchep/projects/tontine_v2/tontine-api-v2/src/shared/config.ts": {"path":"/home/tchep/projects/tontine_v2/tontine-api-v2/src/shared/config.ts","statementMap":{"0":{"start":{"line":1,"column":0},"end":{"line":1,"column":63}},"1":{"start":{"line":4,"column":24},"end":{"line":26,"column":2}},"2":{"start":{"line":28,"column":13},"end":{"line":29,"column":75}}},"fnMap":{},"branchMap":{"0":{"loc":{"start":{"line":7,"column":12},"end":{"line":7,"column":75}},"type":"binary-expr","locations":[{"start":{"line":7,"column":12},"end":{"line":7,"column":34}},{"start":{"line":7,"column":38},"end":{"line":7,"column":75}}]},"1":{"loc":{"start":{"line":8,"column":15},"end":{"line":8,"column":50}},"type":"binary-expr","locations":[{"start":{"line":8,"column":15},"end":{"line":8,"column":41}},{"start":{"line":8,"column":45},"end":{"line":8,"column":50}}]},"2":{"loc":{"start":{"line":13,"column":10},"end":{"line":13,"column":44}},"type":"binary-expr","locations":[{"start":{"line":13,"column":10},"end":{"line":13,"column":29}},{"start":{"line":13,"column":33},"end":{"line":13,"column":44}}]},"3":{"loc":{"start":{"line":14,"column":19},"end":{"line":14,"column":48}},"type":"binary-expr","locations":[{"start":{"line":14,"column":19},"end":{"line":14,"column":38}},{"start":{"line":14,"column":42},"end":{"line":14,"column":48}}]},"4":{"loc":{"start":{"line":15,"column":14},"end":{"line":15,"column":47}},"type":"binary-expr","locations":[{"start":{"line":15,"column":14},"end":{"line":15,"column":37}},{"start":{"line":15,"column":41},"end":{"line":15,"column":47}}]},"5":{"loc":{"start":{"line":16,"column":14},"end":{"line":16,"column":47}},"type":"binary-expr","locations":[{"start":{"line":16,"column":14},"end":{"line":16,"column":37}},{"start":{"line":16,"column":41},"end":{"line":16,"column":47}}]},"6":{"loc":{"start":{"line":17,"column":14},"end":{"line":17,"column":50}},"type":"binary-expr","locations":[{"start":{"line":17,"column":14},"end":{"line":17,"column":37}},{"start":{"line":17,"column":41},"end":{"line":17,"column":50}}]},"7":{"loc":{"start":{"line":22,"column":24},"end":{"line":22,"column":62}},"type":"binary-expr","locations":[{"start":{"line":22,"column":24},"end":{"line":22,"column":55}},{"start":{"line":22,"column":59},"end":{"line":22,"column":62}}]},"8":{"loc":{"start":{"line":23,"column":24},"end":{"line":23,"column":64}},"type":"binary-expr","locations":[{"start":{"line":23,"column":24},"end":{"line":23,"column":55}},{"start":{"line":23,"column":59},"end":{"line":23,"column":64}}]},"9":{"loc":{"start":{"line":24,"column":21},"end":{"line":24,"column":65}},"type":"binary-expr","locations":[{"start":{"line":24,"column":21},"end":{"line":24,"column":49}},{"start":{"line":24,"column":53},"end":{"line":24,"column":65}}]},"10":{"loc":{"start":{"line":29,"column":2},"end":{"line":29,"column":74}},"type":"cond-expr","locations":[{"start":{"line":29,"column":42},"end":{"line":29,"column":57}},{"start":{"line":29,"column":60},"end":{"line":29,"column":74}}]}},"s":{"0":0,"1":0,"2":0},"f":{},"b":{"0":[0,0],"1":[0,0],"2":[0,0],"3":[0,0],"4":[0,0],"5":[0,0],"6":[0,0],"7":[0,0],"8":[0,0],"9":[0,0],"10":[0,0]}}
,"/home/tchep/projects/tontine_v2/tontine-api-v2/src/shared/environement.ts": {"path":"/home/tchep/projects/tontine_v2/tontine-api-v2/src/shared/environement.ts","statementMap":{"0":{"start":{"line":1,"column":13},"end":{"line":23,"column":2}}},"fnMap":{},"branchMap":{},"s":{"0":0},"f":{},"b":{}}
,"/home/tchep/projects/tontine_v2/tontine-api-v2/src/shared/utilities/available-country.ts": {"path":"/home/tchep/projects/tontine_v2/tontine-api-v2/src/shared/utilities/available-country.ts","statementMap":{"0":{"start":{"line":1,"column":13},"end":{"line":1,"column":51}}},"fnMap":{},"branchMap":{},"s":{"0":0},"f":{},"b":{}}
,"/home/tchep/projects/tontine_v2/tontine-api-v2/src/shared/utilities/custom-validator.ts": {"path":"/home/tchep/projects/tontine_v2/tontine-api-v2/src/shared/utilities/custom-validator.ts","statementMap":{"0":{"start":{"line":1,"column":0},"end":{"line":1,"column":16}},"1":{"start":{"line":2,"column":13},"end":{"line":2,"column":41}},"2":{"start":{"line":3,"column":2},"end":{"line":3,"column":24}}},"fnMap":{"0":{"name":"validateEmail","decl":{"start":{"line":1,"column":16},"end":{"line":1,"column":29}},"loc":{"start":{"line":1,"column":43},"end":{"line":4,"column":1}}}},"branchMap":{},"s":{"0":0,"1":0,"2":0},"f":{"0":0},"b":{}}
,"/home/tchep/projects/tontine_v2/tontine-api-v2/src/shared/utilities/error-code.ts": {"path":"/home/tchep/projects/tontine_v2/tontine-api-v2/src/shared/utilities/error-code.ts","statementMap":{"0":{"start":{"line":1,"column":13},"end":{"line":13,"column":2}}},"fnMap":{},"branchMap":{},"s":{"0":0},"f":{},"b":{}}
,"/home/tchep/projects/tontine_v2/tontine-api-v2/src/tontine/tontine.controller.ts": {"path":"/home/tchep/projects/tontine_v2/tontine-api-v2/src/tontine/tontine.controller.ts","statementMap":{"0":{"start":{"line":1,"column":0},"end":{"line":1,"column":null}},"1":{"start":{"line":13,"column":0},"end":{"line":13,"column":25}},"2":{"start":{"line":14,"column":0},"end":{"line":14,"column":88}},"3":{"start":{"line":15,"column":0},"end":{"line":15,"column":76}},"4":{"start":{"line":16,"column":0},"end":{"line":16,"column":70}},"5":{"start":{"line":17,"column":0},"end":{"line":17,"column":77}},"6":{"start":{"line":18,"column":0},"end":{"line":18,"column":60}},"7":{"start":{"line":19,"column":0},"end":{"line":19,"column":75}},"8":{"start":{"line":20,"column":0},"end":{"line":20,"column":62}},"9":{"start":{"line":21,"column":0},"end":{"line":21,"column":null}},"10":{"start":{"line":26,"column":0},"end":{"line":26,"column":60}},"11":{"start":{"line":28,"column":0},"end":{"line":28,"column":54}},"12":{"start":{"line":29,"column":0},"end":{"line":29,"column":51}},"13":{"start":{"line":30,"column":0},"end":{"line":30,"column":63}},"14":{"start":{"line":31,"column":0},"end":{"line":31,"column":67}},"15":{"start":{"line":35,"column":7},"end":{"line":299,"column":null}},"16":{"start":{"line":38,"column":21},"end":{"line":38,"column":37}},"17":{"start":{"line":39,"column":21},"end":{"line":39,"column":34}},"18":{"start":{"line":36,"column":10},"end":{"line":36,"column":55}},"19":{"start":{"line":44,"column":4},"end":{"line":44,"column":56}},"20":{"start":{"line":50,"column":17},"end":{"line":50,"column":75}},"21":{"start":{"line":51,"column":20},"end":{"line":51,"column":58}},"22":{"start":{"line":53,"column":21},"end":{"line":53,"column":63}},"23":{"start":{"line":54,"column":4},"end":{"line":56,"column":5}},"24":{"start":{"line":55,"column":6},"end":{"line":55,"column":55}},"25":{"start":{"line":58,"column":4},"end":{"line":58,"column":19}},"26":{"start":{"line":64,"column":17},"end":{"line":64,"column":25}},"27":{"start":{"line":65,"column":4},"end":{"line":65,"column":70}},"28":{"start":{"line":71,"column":21},"end":{"line":71,"column":69}},"29":{"start":{"line":73,"column":4},"end":{"line":75,"column":5}},"30":{"start":{"line":74,"column":6},"end":{"line":74,"column":55}},"31":{"start":{"line":77,"column":4},"end":{"line":77,"column":20}},"32":{"start":{"line":83,"column":4},"end":{"line":83,"column":61}},"33":{"start":{"line":92,"column":4},"end":{"line":92,"column":66}}
[...]
":45,"column":5}}]},"1":{"loc":{"start":{"line":72,"column":10},"end":{"line":76,"column":11}},"type":"if","locations":[{"start":{"line":72,"column":10},"end":{"line":76,"column":11}}]},"2":{"loc":{"start":{"line":135,"column":4},"end":{"line":137,"column":5}},"type":"if","locations":[{"start":{"line":135,"column":4},"end":{"line":137,"column":5}}]},"3":{"loc":{"start":{"line":140,"column":4},"end":{"line":142,"column":5}},"type":"if","locations":[{"start":{"line":140,"column":4},"end":{"line":142,"column":5}}]},"4":{"loc":{"start":{"line":144,"column":4},"end":{"line":146,"column":5}},"type":"if","locations":[{"start":{"line":144,"column":4},"end":{"line":146,"column":5}}]},"5":{"loc":{"start":{"line":154,"column":4},"end":{"line":156,"column":5}},"type":"if","locations":[{"start":{"line":154,"column":4},"end":{"line":156,"column":5}}]},"6":{"loc":{"start":{"line":182,"column":4},"end":{"line":184,"column":5}},"type":"if","locations":[{"start":{"line":182,"column":4},"end":{"line":184,"column":5}}]},"7":{"loc":{"start":{"line":187,"column":4},"end":{"line":189,"column":5}},"type":"if","locations":[{"start":{"line":187,"column":4},"end":{"line":189,"column":5}}]},"8":{"loc":{"start":{"line":206,"column":4},"end":{"line":208,"column":5}},"type":"if","locations":[{"start":{"line":206,"column":4},"end":{"line":208,"column":5}}]},"9":{"loc":{"start":{"line":219,"column":4},"end":{"line":221,"column":5}},"type":"if","locations":[{"start":{"line":219,"column":4},"end":{"line":221,"column":5}}]},"10":{"loc":{"start":{"line":226,"column":4},"end":{"line":228,"column":5}},"type":"if","locations":[{"start":{"line":226,"column":4},"end":{"line":228,"column":5}}]},"11":{"loc":{"start":{"line":242,"column":4},"end":{"line":244,"column":5}},"type":"if","locations":[{"start":{"line":242,"column":4},"end":{"line":244,"column":5}}]},"12":{"loc":{"start":{"line":247,"column":4},"end":{"line":249,"column":5}},"type":"if","locations":[{"start":{"line":247,"column":4},"end":{"line":249,"column":5}}]},"13":{"loc":{"start":{"line":254,"column":25},"end":{"line":254,"column":61}},"type":"binary-expr","locations":[{"start":{"line":254,"column":25},"end":{"line":254,"column":47}},{"start":{"line":254,"column":51},"end":{"line":254,"column":61}}]},"14":{"loc":{"start":{"line":255,"column":4},"end":{"line":257,"column":5}},"type":"if","locations":[{"start":{"line":255,"column":4},"end":{"line":257,"column":5}}]},"15":{"loc":{"start":{"line":270,"column":4},"end":{"line":272,"column":5}},"type":"if","locations":[{"start":{"line":270,"column":4},"end":{"line":272,"column":5}}]},"16":{"loc":{"start":{"line":277,"column":4},"end":{"line":279,"column":5}},"type":"if","locations":[{"start":{"line":277,"column":4},"end":{"line":279,"column":5}}]},"17":{"loc":{"start":{"line":289,"column":4},"end":{"line":291,"column":5}},"type":"if","locations":[{"start":{"line":289,"column":4},"end":{"line":291,"column":5}}]},"18":{"loc":{"start":{"line":296,"column":4},"end":{"line":298,"column":5}},"type":"if","locations":[{"start":{"line":296,"column":4},"end":{"line":298,"column":5}}]},"19":{"loc":{"start":{"line":320,"column":4},"end":{"line":322,"column":5}},"type":"if","locations":[{"start":{"line":320,"column":4},"end":{"line":322,"column":5}}]},"20":{"loc":{"start":{"line":325,"column":4},"end":{"line":327,"column":5}},"type":"if","locations":[{"start":{"line":325,"column":4},"end":{"line":327,"column":5}}]},"21":{"loc":{"start":{"line":334,"column":4},"end":{"line":338,"column":5}},"type":"if","locations":[{"start":{"line":334,"column":4},"end":{"line":338,"column":5}}]},"22":{"loc":{"start":{"line":351,"column":4},"end":{"line":353,"column":5}},"type":"if","locations":[{"start":{"line":351,"column":4},"end":{"line":353,"column":5}}]},"23":{"loc":{"start":{"line":355,"column":4},"end":{"line":357,"column":5}},"type":"if","locations":[{"start":{"line":355,"column":4},"end":{"line":357,"column":5}}]},"24":{"loc":{"start":{"line":384,"column":4},"end":{"line":386,"column":5}},"type":"if","locations":[{"start":{"line":384,"column":4},"end":{"line":386,"column":5}}]},"25":{"loc":{"start":{"line":389,"column":4},"end":{"line":391,"column":5}},"type":"if","locations":[{"start":{"line":389,"column":4},"end":{"line":391,"column":5}}]},"26":{"loc":{"start":{"line":412,"column":4},"end":{"line":414,"column":5}},"type":"if","locations":[{"start":{"line":412,"column":4},"end":{"line":414,"column":5}}]},"27":{"loc":{"start":{"line":419,"column":4},"end":{"line":421,"column":5}},"type":"if","locations":[{"start":{"line":419,"column":4},"end":{"line":421,"column":5}}]},"28":{"loc":{"start":{"line":423,"column":4},"end":{"line":426,"column":5}},"type":"if","locations":[{"start":{"line":423,"column":4},"end":{"line":426,"column":5}}]},"29":{"loc":{"start":{"line":423,"column":8},"end":{"line":423,"column":63}},"type":"binary-expr","locations":[{"start":{"line":423,"column":8},"end":{"line":423,"column":22}},{"start":{"line":423,"column":26},"end":{"line":423,"column":63}}]},"30":{"loc":{"start":{"line":449,"column":4},"end":{"line":451,"column":5}},"type":"if","locations":[{"start":{"line":449,"column":4},"end":{"line":451,"column":5}}]},"31":{"loc":{"start":{"line":456,"column":4},"end":{"line":458,"column":5}},"type":"if","locations":[{"start":{"line":456,"column":4},"end":{"line":458,"column":5}}]},"32":{"loc":{"start":{"line":461,"column":4},"end":{"line":463,"column":5}},"type":"if","locations":[{"start":{"line":461,"column":4},"end":{"line":463,"column":5}}]},"33":{"loc":{"start":{"line":485,"column":4},"end":{"line":487,"column":5}},"type":"if","locations":[{"start":{"line":485,"column":4},"end":{"line":487,"column":5}}]},"34":{"loc":{"start":{"line":490,"column":4},"end":{"line":492,"column":5}},"type":"if","locations":[{"start":{"line":490,"column":4},"end":{"line":492,"column":5}}]},"35":{"loc":{"start":{"line":500,"column":4},"end":{"line":502,"column":5}},"type":"if","locations":[{"start":{"line":500,"column":4},"end":{"line":502,"column":5}}]},"36":{"loc":{"start":{"line":513,"column":4},"end":{"line":515,"column":5}},"type":"if","locations":[{"start":{"line":513,"column":4},"end":{"line":515,"column":5}}]},"37":{"loc":{"start":{"line":519,"column":4},"end":{"line":521,"column":5}},"type":"if","locations":[{"start":{"line":519,"column":4},"end":{"line":521,"column":5}}]},"38":{"loc":{"start":{"line":523,"column":4},"end":{"line":524,"column":63}},"type":"if","locations":[{"start":{"line":523,"column":4},"end":{"line":524,"column":63}}]},"39":{"loc":{"start":{"line":525,"column":4},"end":{"line":526,"column":71}},"type":"if","locations":[{"start":{"line":525,"column":4},"end":{"line":526,"column":71}}]},"40":{"loc":{"start":{"line":527,"column":4},"end":{"line":528,"column":53}},"type":"if","locations":[{"start":{"line":527,"column":4},"end":{"line":528,"column":53}}]},"41":{"loc":{"start":{"line":529,"column":4},"end":{"line":530,"column":59}},"type":"if","locations":[{"start":{"line":529,"column":4},"end":{"line":530,"column":59}}]},"42":{"loc":{"start":{"line":531,"column":4},"end":{"line":532,"column":77}},"type":"if","locations":[{"start":{"line":531,"column":4},"end":{"line":532,"column":77}}]},"43":{"loc":{"start":{"line":533,"column":4},"end":{"line":534,"column":57}},"type":"if","locations":[{"start":{"line":533,"column":4},"end":{"line":534,"column":57}}]},"44":{"loc":{"start":{"line":535,"column":4},"end":{"line":536,"column":61}},"type":"if","locations":[{"start":{"line":535,"column":4},"end":{"line":536,"column":61}}]},"45":{"loc":{"start":{"line":537,"column":4},"end":{"line":539,"column":5}},"type":"if","locations":[{"start":{"line":537,"column":4},"end":{"line":539,"column":5}}]},"46":{"loc":{"start":{"line":573,"column":4},"end":{"line":575,"column":5}},"type":"if","locations":[{"start":{"line":573,"column":4},"end":{"line":575,"column":5}}]},"47":{"loc":{"start":{"line":580,"column":4},"end":{"line":582,"column":5}},"type":"if","locations":[{"start":{"line":580,"column":4},"end":{"line":582,"column":5}}]},"48":{"loc":{"start":{"line":591,"column":4},"end":{"line":593,"column":5}},"type":"if","locations":[{"start":{"line":591,"column":4},"end":{"line":593,"column":5}}]},"49":{"loc":{"start":{"line":598,"column":4},"end":{"line":600,"column":5}},"type":"if","locations":[{"start":{"line":598,"column":4},"end":{"line":600,"column":5}}]},"50":{"loc":{"start":{"line":605,"column":4},"end":{"line":607,"column":5}},"type":"if","locations":[{"start":{"line":605,"column":4},"end":{"line":607,"column":5}}]},"51":{"loc":{"start":{"line":614,"column":4},"end":{"line":616,"column":5}},"type":"if","locations":[{"start":{"line":614,"column":4},"end":{"line":616,"column":5}}]},"52":{"loc":{"start":{"line":618,"column":4},"end":{"line":620,"column":5}},"type":"if","locations":[{"start":{"line":618,"column":4},"end":{"line":620,"column":5}}]},"53":{"loc":{"start":{"line":634,"column":4},"end":{"line":636,"column":5}},"type":"if","locations":[{"start":{"line":634,"column":4},"end":{"line":636,"column":5}}]},"54":{"loc":{"start":{"line":640,"column":4},"end":{"line":642,"column":5}},"type":"if","locations":[{"start":{"line":640,"column":4},"end":{"line":642,"column":5}}]},"55":{"loc":{"start":{"line":644,"column":4},"end":{"line":646,"column":5}},"type":"if","locations":[{"start":{"line":644,"column":4},"end":{"line":646,"column":5}}]},"56":{"loc":{"start":{"line":655,"column":4},"end":{"line":657,"column":5}},"type":"if","locations":[{"start":{"line":655,"column":4},"end":{"line":657,"column":5}}]},"57":{"loc":{"start":{"line":661,"column":4},"end":{"line":663,"column":5}},"type":"if","locations":[{"start":{"line":661,"column":4},"end":{"line":663,"column":5}}]},"58":{"loc":{"start":{"line":669,"column":4},"end":{"line":671,"column":5}},"type":"if","locations":[{"start":{"line":669,"column":4},"end":{"line":671,"column":5}}]},"59":{"loc":{"start":{"line":682,"column":4},"end":{"line":684,"column":5}},"type":"if","locations":[{"start":{"line":682,"column":4},"end":{"line":684,"column":5}}]},"60":{"loc":{"start":{"line":686,"column":6},"end":{"line":687,"column":45}},"type":"binary-expr","locations":[{"start":{"line":686,"column":7},"end":{"line":686,"column":61}},{"start":{"line":687,"column":7},"end":{"line":687,"column":44}}]}},"s":{"0":0,"1":0,"2":0,"3":0,"4":0,"5":0,"6":0,"7":0,"8":0,"9":0,"10":0,"11":0,"12":0,"13":0,"14":0,"15":0,"16":0,"17":0,"18":0,"19":0,"20":0,"21":0,"22":0,"23":0,"24":0,"25":0,"26":0,"27":0,"28":0,"29":0,"30":0,"31":0,"32":0,"33":0,"34":0,"35":0,"36":0,"37":0,"38":0,"39":0,"40":0,"41":0,"42":0,"43":0,"44":0,"45":0,"46":0,"47":0,"48":0,"49":0,"50":0,"51":0,"52":0,"53":0,"54":0,"55":0,"56":0,"57":0,"58":0,"59":0,"60":0,"61":0,"62":0,"63":0,"64":0,"65":0,"66":0,"67":0,"68":0,"69":0,"70":0,"71":0,"72":0,"73":0,"74":0,"75":0,"76":0,"77":0,"78":0,"79":0,"80":0,"81":0,"82":0,"83":0,"84":0,"85":0,"86":0,"87":0,"88":0,"89":0,"90":0,"91":0,"92":0,"93":0,"94":0,"95":0,"96":0,"97":0,"98":0,"99":0,"100":0,"101":0,"102":0,"103":0,"104":0,"105":0,"106":0,"107":0,"108":0,"109":0,"110":0,"111":0,"112":0,"113":0,"114":0,"115":0,"116":0,"117":0,"118":0,"119":0,"120":0,"121":0,"122":0,"123":0,"124":0,"125":0,"126":0,"127":0,"128":0,"129":0,"130":0,"131":0,"132":0,"133":0,"134":0,"135":0,"136":0,"137":0,"138":0,"139":0,"140":0,"141":0,"142":0,"143":0,"144":0,"145":0,"146":0,"147":0,"148":0,"149":0,"150":0,"151":0,"152":0,"153":0,"154":0,"155":0,"156":0,"157":0,"158":0,"159":0,"160":0,"161":0,"162":0,"163":0,"164":0,"165":0,"166":0,"167":0,"168":0,"169":0,"170":0,"171":0,"172":0,"173":0,"174":0,"175":0,"176":0,"177":0,"178":0,"179":0,"180":0,"181":0,"182":0,"183":0,"184":0,"185":0,"186":0,"187":0,"188":0,"189":0,"190":0,"191":0,"192":0,"193":0,"194":0,"195":0,"196":0,"197":0,"198":0,"199":0,"200":0,"201":0,"202":0,"203":0,"204":0,"205":0,"206":0,"207":0,"208":0,"209":0,"210":0,"211":0,"212":0,"213":0,"214":0,"215":0,"216":0,"217":0,"218":0,"219":0,"220":0,"221":0,"222":0,"223":0,"224":0,"225":0,"226":0,"227":0,"228":0,"229":0,"230":0,"231":0,"232":0,"233":0,"234":0,"235":0,"236":0,"237":0,"238":0,"239":0,"240":0,"241":0,"242":0,"243":0,"244":0,"245":0,"246":0,"247":0,"248":0,"249":0,"250":0,"251":0,"252":0,"253":0,"254":0,"255":0,"256":0,"257":0,"258":0,"259":0,"260":0,"261":0,"262":0,"263":0,"264":0,"265":0,"266":0,"267":0,"268":0,"269":0,"270":0,"271":0,"272":0,"273":0,"274":0,"275":0,"276":0,"277":0,"278":0,"279":0,"280":0,"281":0,"282":0,"283":0,"284":0,"285":0,"286":0,"287":0,"288":0,"289":0,"290":0,"291":0,"292":0,"293":0,"294":0,"295":0,"296":0,"297":0,"298":0,"299":0,"300":0,"301":0,"302":0,"303":0,"304":0,"305":0,"306":0,"307":0,"308":0,"309":0,"310":0,"311":0,"312":0,"313":0},"f":{"0":0,"1":0,"2":0,"3":0,"4":0,"5":0,"6":0,"7":0,"8":0,"9":0,"10":0,"11":0,"12":0,"13":0,"14":0,"15":0,"16":0,"17":0,"18":0,"19":0,"20":0,"21":0,"22":0,"23":0,"24":0,"25":0,"26":0,"27":0,"28":0,"29":0,"30":0,"31":0,"32":0,"33":0,"34":0,"35":0,"36":0,"37":0,"38":0,"39":0,"40":0,"41":0,"42":0},"b":{"0":[0],"1":[0],"2":[0],"3":[0],"4":[0],"5":[0],"6":[0],"7":[0],"8":[0],"9":[0],"10":[0],"11":[0],"12":[0],"13":[0,0],"14":[0],"15":[0],"16":[0],"17":[0],"18":[0],"19":[0],"20":[0],"21":[0],"22":[0],"23":[0],"24":[0],"25":[0],"26":[0],"27":[0],"28":[0],"29":[0,0],"30":[0],"31":[0],"32":[0],"33":[0],"34":[0],"35":[0],"36":[0],"37":[0],"38":[0],"39":[0],"40":[0],"41":[0],"42":[0],"43":[0],"44":[0],"45":[0],"46":[0],"47":[0],"48":[0],"49":[0],"50":[0],"51":[0],"52":[0],"53":[0],"54":[0],"55":[0],"56":[0],"57":[0],"58":[0],"59":[0],"60":[0,0]}}
,"/home/tchep/projects/tontine_v2/tontine-api-v2/src/tontine/enum/shared.ts": {"path":"/home/tchep/projects/tontine_v2/tontine-api-v2/src/tontine/enum/shared.ts","statementMap":{"0":{"start":{"line":1,"column":0},"end":{"line":1,"column":null}},"1":{"start":{"line":2,"column":2},"end":{"line":2,"column":null}},"2":{"start":{"line":3,"column":2},"end":{"line":3,"column":null}}},"fnMap":{"0":{"name":"(anonymous_0)","decl":{"start":{"line":1,"column":0},"end":{"line":1,"column":12}},"loc":{"start":{"line":1,"column":20},"end":{"line":4,"column":1}}}},"branchMap":{"0":{"loc":{"start":{"line":1,"column":12},"end":{"line":1,"column":null}},"type":"binary-expr","locations":[{"start":{"line":1,"column":12},"end":{"line":1,"column":20}},{"start":{"line":1,"column":20},"end":{"line":1,"column":null}}]}},"s":{"0":0,"1":0,"2":0},"f":{"0":0},"b":{"0":[0,0]}}
,"/home/tchep/projects/tontine_v2/tontine-api-v2/src/tontine/enum/status-deposit.ts": {"path":"/home/tchep/projects/tontine_v2/tontine-api-v2/src/tontine/enum/status-deposit.ts","statementMap":{"0":{"start":{"line":1,"column":0},"end":{"line":1,"column":null}},"1":{"start":{"line":2,"column":2},"end":{"line":2,"column":null}},"2":{"start":{"line":3,"column":2},"end":{"line":3,"column":null}},"3":{"start":{"line":4,"column":2},"end":{"line":4,"column":null}}},"fnMap":{"0":{"name":"(anonymous_0)","decl":{"start":{"line":1,"column":0},"end":{"line":1,"column":12}},"loc":{"start":{"line":1,"column":25},"end":{"line":5,"column":1}}}},"branchMap":{"0":{"loc":{"start":{"line":1,"column":12},"end":{"line":1,"column":null}},"type":"binary-expr","locations":[{"start":{"line":1,"column":12},"end":{"line":1,"column":25}},{"start":{"line":1,"column":25},"end":{"line":1,"column":null}}]}},"s":{"0":1,"1":1,"2":1,"3":1},"f":{"0":1},"b":{"0":[1,1]}}
,"/home/tchep/projects/tontine_v2/tontine-api-v2/src/tontine/enum/system-type.ts": {"path":"/home/tchep/projects/tontine_v2/tontine-api-v2/src/tontine/enum/system-type.ts","statementMap":{"0":{"start":{"line":1,"column":0},"end":{"line":1,"column":null}},"1":{"start":{"line":2,"column":2},"end":{"line":2,"column":null}},"2":{"start":{"line":3,"column":2},"end":{"line":3,"column":null}}},"fnMap":{"0":{"name":"(anonymous_0)","decl":{"start":{"line":1,"column":0},"end":{"line":1,"column":12}},"loc":{"start":{"line":1,"column":22},"end":{"line":4,"column":1}}}},"branchMap":{"0":{"loc":{"start":{"line":1,"column":12},"end":{"line":1,"column":null}},"type":"binary-expr","locations":[{"start":{"line":1,"column":12},"end":{"line":1,"column":22}},{"start":{"line":1,"column":22},"end":{"line":1,"column":null}}]}},"s":{"0":0,"1":0,"2":0},"f":{"0":0},"b":{"0":[0,0]}}
,"/home/tchep/projects/tontine_v2/tontine-api-v2/src/tontine/enum/type-sanction.ts": {"path":"/home/tchep/projects/tontine_v2/tontine-api-v2/src/tontine/enum/type-sanction.ts","statementMap":{"0":{"start":{"line":1,"column":0},"end":{"line":1,"column":null}},"1":{"start":{"line":2,"column":2},"end":{"line":2,"column":null}},"2":{"start":{"line":3,"column":2},"end":{"line":3,"column":null}},"3":{"start":{"line":4,"column":2},"end":{"line":4,"column":null}},"4":{"start":{"line":5,"column":2},"end":{"line":5,"column":null}}},"fnMap":{"0":{"name":"(anonymous_0)","decl":{"start":{"line":1,"column":0},"end":{"line":1,"column":12}},"loc":{"start":{"line":1,"column":24},"end":{"line":6,"column":1}}}},"branchMap":{"0":{"loc":{"start":{"line":1,"column":12},"end":{"line":1,"column":null}},"type":"binary-expr","locations":[{"start":{"line":1,"column":12},"end":{"line":1,"column":24}},{"start":{"line":1,"column":24},"end":{"line":1,"column":null}}]}},"s":{"0":1,"1":1,"2":1,"3":1,"4":1},"f":{"0":1},"b":{"0":[1,1]}}
,"/home/tchep/projects/tontine_v2/tontine-api-v2/src/tontine/utilities/file-upload.helper.ts": {"path":"/home/tchep/projects/tontine_v2/tontine-api-v2/src/tontine/utilities/file-upload.helper.ts","statementMap":{"0":{"start":{"line":1,"column":0},"end":{"line":1,"column":31}},"1":{"start":{"line":3,"column":28},"end":{"line":8,"column":1}},"2":{"start":{"line":4,"column":15},"end":{"line":4,"column":46}},"3":{"start":{"line":5,"column":22},"end":{"line":5,"column":48}},"4":{"start":{"line":6,"column":21},"end":{"line":6,"column":41}},"5":{"start":{"line":7,"column":2},"end":{"line":7,"column":56}},"6":{"start":{"line":3,"column":13},"end":{"line":3,"column":28}},"7":{"start":{"line":10,"column":31},"end":{"line":19,"column":1}},"8":{"start":{"line":11,"column":2},"end":{"line":13,"column":3}},"9":{"start":{"line":12,"column":4},"end":{"line":12,"column":69}},"10":{"start":{"line":14,"column":2},"end":{"line":17,"column":3}},"11":{"start":{"line":16,"column":4},"end":{"line":16,"column":79}},"12":{"start":{"line":18,"column":2},"end":{"line":18,"column":23}},"13":{"start":{"line":10,"column":13},"end":{"line":10,"column":31}}},"fnMap":{"0":{"name":"(anonymous_0)","decl":{"start":{"line":3,"column":28},"end":{"line":3,"column":29}},"loc":{"start":{"line":3,"column":67},"end":{"line":8,"column":1}}},"1":{"name":"(anonymous_1)","decl":{"start":{"line":10,"column":31},"end":{"line":10,"column":32}},"loc":{"start":{"line":10,"column":70},"end":{"line":19,"column":1}}}},"branchMap":{"0":{"loc":{"start":{"line":11,"column":2},"end":{"line":13,"column":3}},"type":"if","locations":[{"start":{"line":11,"column":2},"end":{"line":13,"column":3}}]},"1":{"loc":{"start":{"line":14,"column":2},"end":{"line":17,"column":3}},"type":"if","locations":[{"start":{"line":14,"column":2},"end":{"line":17,"column":3}}]}},"s":{"0":0,"1":0,"2":0,"3":0,"4":0,"5":0,"6":0,"7":0,"8":0,"9":0,"10":0,"11":0,"12":0,"13":0},"f":{"0":0,"1":0},"b":{"0":[0],"1":[0]}}
,"/home/tchep/projects/tontine_v2/tontine-api-v2/src/tontine/utilities/service.helper.ts": {"path":"/home/tchep/projects/tontine_v2/tontine-api-v2/src/tontine/utilities/service.helper.ts","statementMap":{"0":{"start":{"line":3,"column":0},"end":{"line":3,"column":16}},"1":{"start":{"line":4,"column":2},"end":{"line":4,"column":71}},"2":{"start":{"line":4,"column":41},"end":{"line":4,"column":69}}},"fnMap":{"0":{"name":"isMemberOfTontine","decl":{"start":{"line":3,"column":16},"end":{"line":3,"column":33}},"loc":{"start":{"line":3,"column":68},"end":{"line":5,"column":1}}},"1":{"name":"(anonymous_1)","decl":{"start":{"line":4,"column":34},"end":{"line":4,"column":35}},"loc":{"start":{"line":4,"column":41},"end":{"line":4,"column":69}}}},"branchMap":{},"s":{"0":0,"1":0,"2":0},"f":{"0":0,"1":0},"b":{}}
}
