TN:
SF:src/app.controller.ts
FN:8,(anonymous_2)
FN:11,(anonymous_3)
FN:13,(anonymous_4)
FN:17,(anonymous_5)
FN:27,(anonymous_6)
FNF:5
FNH:5
FNDA:2,(anonymous_2)
FNDA:2,(anonymous_3)
FNDA:8,(anonymous_4)
FNDA:6,(anonymous_5)
FNDA:2,(anonymous_6)
DA:1,1
DA:2,1
DA:3,1
DA:4,1
DA:7,1
DA:8,2
DA:11,1
DA:12,2
DA:13,8
DA:16,2
DA:17,6
DA:20,2
DA:27,1
DA:28,2
LF:14
LH:14
BRF:0
BRH:0
end_of_record
TN:
SF:src/app.service.ts
FN:5,(anonymous_1)
FNF:1
FNH:0
FNDA:0,(anonymous_1)
DA:1,1
DA:4,1
DA:6,0
LF:3
LH:2
BRF:0
BRH:0
end_of_record
TN:
SF:src/database.provider.ts
FN:6,(anonymous_0)
FNF:1
FNH:0
FNDA:0,(anonymous_0)
DA:1,0
DA:3,0
DA:7,0
DA:18,0
LF:4
LH:0
BRF:0
BRH:0
end_of_record
TN:
SF:src/authentification/authentification.controller.ts
FN:8,(anonymous_4)
FN:14,(anonymous_5)
FN:19,(anonymous_6)
FN:24,(anonymous_7)
FN:29,(anonymous_8)
FNF:5
FNH:0
FNDA:0,(anonymous_4)
FNDA:0,(anonymous_5)
FNDA:0,(anonymous_6)
FNDA:0,(anonymous_7)
FNDA:0,(anonymous_8)
DA:1,0
DA:2,0
DA:3,0
DA:4,0
DA:7,0
DA:9,0
DA:10,0
DA:14,0
DA:15,0
DA:19,0
DA:20,0
DA:24,0
DA:25,0
DA:29,0
DA:30,0
LF:15
LH:0
BRF:0
BRH:0
end_of_record
TN:
SF:src/authentification/authentification.service.ts
FN:13,(anonymous_2)
FN:19,(anonymous_3)
FN:28,(anonymous_4)
FN:58,(anonymous_5)
FN:82,(anonymous_6)
FN:86,(anonymous_7)
FN:97,(anonymous_8)
FNF:7
FNH:0
FNDA:0,(anonymous_2)
FNDA:0,(anonymous_3)
FNDA:0,(anonymous_4)
FNDA:0,(anonymous_5)
FNDA:0,(anonymous_6)
FNDA:0,(anonymous_7)
FNDA:0,(anonymous_8)
DA:1,0
DA:2,0
DA:3,0
DA:4,0
DA:5,0
DA:7,0
DA:8,0
DA:11,0
DA:12,0
DA:14,0
DA:15,0
DA:16,0
DA:20,0
DA:21,0
DA:22,0
DA:24,0
DA:29,0
DA:30,0
DA:33,0
DA:37,0
DA:39,0
DA:40,0
DA:43,0
DA:44,0
DA:45,0
DA:49,0
DA:53,0
DA:55,0
DA:59,0
DA:61,0
DA:62,0
DA:65,0
DA:69,0
DA:70,0
DA:73,0
DA:75,0
DA:83,0
DA:87,0
DA:91,0
DA:93,0
DA:94,0
DA:98,0
LF:42
LH:0
BRDA:29,0,0,0
BRDA:29,1,0,0
BRDA:29,1,1,0
BRDA:39,2,0,0
BRDA:44,3,0,0
BRDA:61,4,0,0
BRDA:61,5,0,0
BRDA:61,5,1,0
BRDA:69,6,0,0
BRDA:78,7,0,0
BRDA:78,7,1,0
BRDA:94,8,0,0
BRDA:94,8,1,0
BRDA:94,9,0,0
BRDA:94,9,1,0
BRF:15
BRH:0
end_of_record
TN:
SF:src/authentification/dto/login-dto.ts
FN:18,(anonymous_2)
FNF:1
FNH:0
FNDA:0,(anonymous_2)
DA:2,0
DA:3,0
DA:4,0
DA:6,0
DA:8,0
DA:11,0
DA:16,0
DA:19,0
DA:20,0
DA:21,0
DA:22,0
DA:24,0
LF:12
LH:0
BRF:0
BRH:0
end_of_record
TN:
SF:src/event/event.controller.ts
FN:23,(anonymous_4)
FN:26,(anonymous_5)
FN:31,(anonymous_6)
FN:36,(anonymous_7)
FN:41,(anonymous_8)
FN:50,(anonymous_9)
FN:55,(anonymous_10)
FN:63,(anonymous_11)
FNF:8
FNH:0
FNDA:0,(anonymous_4)
FNDA:0,(anonymous_5)
FNDA:0,(anonymous_6)
FNDA:0,(anonymous_7)
FNDA:0,(anonymous_8)
FNDA:0,(anonymous_9)
FNDA:0,(anonymous_10)
FNDA:0,(anonymous_11)
DA:1,0
DA:12,0
DA:13,0
DA:14,0
DA:15,0
DA:16,0
DA:17,0
DA:22,0
DA:23,0
DA:26,0
DA:27,0
DA:31,0
DA:32,0
DA:36,0
DA:37,0
DA:41,0
DA:46,0
DA:50,0
DA:51,0
DA:55,0
DA:59,0
DA:63,0
DA:67,0
LF:23
LH:0
BRF:0
BRH:0
end_of_record
TN:
SF:src/event/event.service.ts
FN:15,(anonymous_2)
FN:20,(anonymous_3)
FN:55,(anonymous_4)
FN:82,(anonymous_5)
FN:95,(anonymous_6)
FN:102,(anonymous_7)
FN:137,(anonymous_8)
FN:149,(anonymous_9)
FN:166,(anonymous_10)
FN:179,(anonymous_11)
FNF:10
FNH:0
FNDA:0,(anonymous_2)
FNDA:0,(anonymous_3)
FNDA:0,(anonymous_4)
FNDA:0,(anonymous_5)
FNDA:0,(anonymous_6)
FNDA:0,(anonymous_7)
FNDA:0,(anonymous_8)
FNDA:0,(anonymous_9)
FNDA:0,(anonymous_10)
FNDA:0,(anonymous_11)
DA:1,0
DA:4,0
DA:5,0
DA:6,0
DA:7,0
DA:9,0
DA:10,0
DA:11,0
DA:14,0
DA:16,0
DA:17,0
DA:29,0
DA:31,0
DA:34,0
DA:35,0
DA:38,0
DA:41,0
DA:42,0
DA:45,0
DA:46,0
DA:47,0
DA:48,0
DA:49,0
DA:50,0
DA:51,0
DA:52,0
DA:54,0
DA:55,0
DA:56,0
DA:60,0
DA:61,0
DA:65,0
DA:67,0
DA:69,0
DA:79,0
DA:83,0
DA:86,0
DA:87,0
DA:89,0
DA:96,0
DA:103,0
DA:104,0
DA:105,0
DA:108,0
DA:109,0
DA:110,0
DA:113,0
DA:114,0
DA:115,0
DA:118,0
DA:119,0
DA:121,0
DA:122,0
DA:124,0
DA:125,0
DA:127,0
DA:128,0
DA:130,0
DA:131,0
DA:134,0
DA:138,0
DA:139,0
DA:140,0
DA:142,0
DA:143,0
DA:144,0
DA:146,0
DA:150,0
DA:151,0
DA:152,0
DA:155,0
DA:158,0
DA:159,0
DA:162,0
DA:163,0
DA:167,0
DA:168,0
DA:169,0
DA:172,0
DA:175,0
DA:176,0
DA:179,0
DA:180,0
LF:83
LH:0
BRDA:34,0,0,0
BRDA:41,1,0,0
BRDA:51,2,0,0
BRDA:54,3,0,0
BRDA:60,4,0,0
BRDA:86,5,0,0
BRDA:104,6,0,0
BRDA:109,7,0,0
BRDA:114,8,0,0
BRDA:114,9,0,0
BRDA:114,9,1,0
BRDA:114,9,2,0
BRDA:114,9,3,0
BRDA:114,9,4,0
BRDA:118,10,0,0
BRDA:121,11,0,0
BRDA:124,12,0,0
BRDA:127,13,0,0
BRDA:130,14,0,0
BRDA:139,15,0,0
BRDA:143,16,0,0
BRDA:151,17,0,0
BRDA:158,18,0,0
BRDA:168,19,0,0
BRDA:175,20,0,0
BRF:25
BRH:0
end_of_record
TN:
SF:src/event/enum/event-type.ts
FN:1,(anonymous_0)
FNF:1
FNH:0
FNDA:0,(anonymous_0)
DA:1,0
DA:2,0
DA:3,0
DA:4,0
DA:5,0
DA:6,0
DA:7,0
DA:8,0
DA:9,0
DA:10,0
DA:11,0
DA:12,0
LF:12
LH:0
BRDA:1,0,0,0
BRDA:1,0,1,0
BRF:2
BRH:0
end_of_record
TN:
SF:src/loan/loan.controller.ts
FN:23,(anonymous_4)
FN:26,(anonymous_5)
FN:32,(anonymous_6)
FN:37,(anonymous_7)
FN:42,(anonymous_8)
FN:47,(anonymous_9)
FN:54,(anonymous_10)
FNF:7
FNH:0
FNDA:0,(anonymous_4)
FNDA:0,(anonymous_5)
FNDA:0,(anonymous_6)
FNDA:0,(anonymous_7)
FNDA:0,(anonymous_8)
FNDA:0,(anonymous_9)
FNDA:0,(anonymous_10)
DA:1,0
DA:12,0
DA:13,0
DA:14,0
DA:15,0
DA:16,0
DA:17,0
DA:22,0
DA:23,0
DA:26,0
DA:27,0
DA:28,0
DA:32,0
DA:33,0
DA:37,0
DA:38,0
DA:42,0
DA:43,0
DA:47,0
DA:48,0
DA:49,0
DA:54,0
DA:55,0
DA:56,0
LF:24
LH:0
BRF:0
BRH:0
end_of_record
TN:
SF:src/loan/loan.service.ts
FN:17,(anonymous_2)
FN:22,(anonymous_3)
FN:64,(anonymous_4)
FN:77,(anonymous_5)
FN:88,(anonymous_6)
FN:106,(anonymous_7)
FN:111,(anonymous_8)
FN:120,(anonymous_9)
FN:137,(anonymous_10)
FNF:9
FNH:0
FNDA:0,(anonymous_2)
FNDA:0,(anonymous_3)
FNDA:0,(anonymous_4)
FNDA:0,(anonymous_5)
FNDA:0,(anonymous_6)
FNDA:0,(anonymous_7)
FNDA:0,(anonymous_8)
FNDA:0,(anonymous_9)
FNDA:0,(anonymous_10)
DA:1,0
DA:2,0
DA:3,0
DA:4,0
DA:7,0
DA:8,0
DA:9,0
DA:11,0
DA:12,0
DA:13,0
DA:16,0
DA:18,0
DA:19,0
DA:23,0
DA:24,0
DA:27,0
DA:28,0
DA:31,0
DA:34,0
DA:35,0
DA:38,0
DA:40,0
DA:41,0
DA:42,0
DA:43,0
DA:44,0
DA:45,0
DA:46,0
DA:47,0
DA:48,0
DA:49,0
DA:51,0
DA:61,0
DA:65,0
DA:68,0
DA:69,0
DA:71,0
DA:78,0
DA:81,0
DA:82,0
DA:85,0
DA:89,0
DA:90,0
DA:91,0
DA:92,0
DA:95,0
DA:96,0
DA:98,0
DA:99,0
DA:101,0
DA:102,0
DA:104,0
DA:105,0
DA:107,0
DA:111,0
DA:113,0
DA:114,0
DA:117,0
DA:121,0
DA:122,0
DA:123,0
DA:126,0
DA:131,0
DA:134,0
DA:138,0
DA:139,0
DA:140,0
DA:143,0
DA:147,0
DA:148,0
DA:151,0
DA:152,0
DA:154,0
DA:155,0
DA:157,0
DA:158,0
LF:76
LH:0
BRDA:27,0,0,0
BRDA:34,1,0,0
BRDA:68,2,0,0
BRDA:81,3,0,0
BRDA:91,4,0,0
BRDA:95,5,0,0
BRDA:98,6,0,0
BRDA:101,7,0,0
BRDA:104,8,0,0
BRDA:104,9,0,0
BRDA:104,9,1,0
BRDA:122,10,0,0
BRDA:126,11,0,0
BRDA:127,12,0,0
BRDA:127,12,1,0
BRDA:127,12,2,0
BRDA:139,13,0,0
BRDA:147,14,0,0
BRDA:151,15,0,0
BRDA:154,16,0,0
BRF:20
BRH:0
end_of_record
TN:
SF:src/loan/enum/status-loan.ts
FN:1,(anonymous_0)
FNF:1
FNH:0
FNDA:0,(anonymous_0)
DA:1,0
DA:2,0
DA:3,0
DA:4,0
DA:5,0
DA:6,0
LF:6
LH:0
BRDA:1,0,0,0
BRDA:1,0,1,0
BRF:2
BRH:0
end_of_record
TN:
SF:src/member/member.controller.ts
FN:25,(anonymous_4)
FN:29,(anonymous_5)
FN:35,(anonymous_6)
FN:42,(anonymous_7)
FN:52,(anonymous_8)
FN:58,(anonymous_9)
FN:64,(anonymous_10)
FN:68,(anonymous_11)
FNF:8
FNH:0
FNDA:0,(anonymous_4)
FNDA:0,(anonymous_5)
FNDA:0,(anonymous_6)
FNDA:0,(anonymous_7)
FNDA:0,(anonymous_8)
FNDA:0,(anonymous_9)
FNDA:0,(anonymous_10)
FNDA:0,(anonymous_11)
DA:1,0
DA:13,0
DA:14,0
DA:15,0
DA:16,0
DA:17,0
DA:18,0
DA:19,0
DA:20,0
DA:24,0
DA:25,0
DA:29,0
DA:30,0
DA:35,0
DA:36,0
DA:37,0
DA:42,0
DA:43,0
DA:44,0
DA:45,0
DA:47,0
DA:52,0
DA:53,0
DA:58,0
DA:59,0
DA:64,0
DA:65,0
DA:69,0
DA:70,0
DA:72,0
LF:30
LH:0
BRDA:44,0,0,0
BRDA:69,1,0,0
BRF:2
BRH:0
end_of_record
TN:
SF:src/member/member.provider.ts
FN:7,(anonymous_0)
FNF:1
FNH:0
FNDA:0,(anonymous_0)
DA:2,0
DA:4,0
DA:7,0
LF:3
LH:0
BRF:0
BRH:0
end_of_record
TN:
SF:src/member/member.service.ts
FN:20,(anonymous_2)
FN:25,(anonymous_3)
FN:53,(anonymous_4)
FN:57,(anonymous_5)
FN:68,(anonymous_6)
FN:82,(anonymous_7)
FN:98,(anonymous_8)
FN:110,(anonymous_9)
FNF:8
FNH:0
FNDA:0,(anonymous_2)
FNDA:0,(anonymous_3)
FNDA:0,(anonymous_4)
FNDA:0,(anonymous_5)
FNDA:0,(anonymous_6)
FNDA:0,(anonymous_7)
FNDA:0,(anonymous_8)
FNDA:0,(anonymous_9)
DA:1,0
DA:6,0
DA:8,0
DA:9,0
DA:10,0
DA:15,0
DA:16,0
DA:19,0
DA:21,0
DA:22,0
DA:26,0
DA:28,0
DA:30,0
DA:31,0
DA:34,0
DA:35,0
DA:38,0
DA:41,0
DA:47,0
DA:48,0
DA:50,0
DA:54,0
DA:58,0
DA:61,0
DA:62,0
DA:64,0
DA:69,0
DA:70,0
DA:71,0
DA:73,0
DA:83,0
DA:86,0
DA:87,0
DA:88,0
DA:89,0
DA:90,0
DA:91,0
DA:92,0
DA:94,0
DA:99,0
DA:102,0
DA:103,0
DA:104,0
DA:106,0
DA:111,0
DA:112,0
DA:114,0
DA:115,0
DA:116,0
DA:120,0
DA:121,0
LF:51
LH:0
BRDA:30,0,0,0
BRDA:30,0,1,0
BRDA:34,1,0,0
BRDA:44,2,0,0
BRDA:44,2,1,0
BRDA:61,3,0,0
BRDA:61,3,1,0
BRDA:70,4,0,0
BRDA:87,5,0,0
BRDA:87,5,1,0
BRDA:88,6,0,0
BRDA:88,6,1,0
BRDA:89,7,0,0
BRDA:89,7,1,0
BRDA:90,8,0,0
BRDA:90,8,1,0
BRDA:91,9,0,0
BRDA:91,9,1,0
BRDA:102,10,0,0
BRDA:102,10,1,0
BRDA:111,11,0,0
BRDA:115,12,0,0
BRDA:120,13,0,0
BRF:23
BRH:0
end_of_record
TN:
SF:src/notification/notification.controller.ts
FN:22,(anonymous_4)
FN:25,(anonymous_5)
FN:30,(anonymous_6)
FNF:3
FNH:0
FNDA:0,(anonymous_4)
FNDA:0,(anonymous_5)
FNDA:0,(anonymous_6)
DA:1,0
DA:11,0
DA:12,0
DA:13,0
DA:14,0
DA:15,0
DA:20,0
DA:21,0
DA:22,0
DA:25,0
DA:26,0
DA:30,0
DA:34,0
LF:13
LH:0
BRF:0
BRH:0
end_of_record
TN:
SF:src/notification/notification.service.ts
FN:14,(anonymous_2)
FN:16,(anonymous_3)
FN:31,(anonymous_4)
FN:50,(anonymous_5)
FN:66,(anonymous_6)
FN:81,(anonymous_7)
FN:88,(anonymous_8)
FN:92,(anonymous_9)
FN:96,(anonymous_10)
FNF:9
FNH:0
FNDA:0,(anonymous_2)
FNDA:0,(anonymous_3)
FNDA:0,(anonymous_4)
FNDA:0,(anonymous_5)
FNDA:0,(anonymous_6)
FNDA:0,(anonymous_7)
FNDA:0,(anonymous_8)
FNDA:0,(anonymous_9)
FNDA:0,(anonymous_10)
DA:1,0
DA:2,0
DA:4,0
DA:5,0
DA:6,0
DA:8,0
DA:11,0
DA:12,0
DA:14,0
DA:17,0
DA:20,0
DA:21,0
DA:24,0
DA:28,0
DA:29,0
DA:31,0
DA:32,0
DA:35,0
DA:36,0
DA:37,0
DA:38,0
DA:39,0
DA:40,0
DA:42,0
DA:43,0
DA:44,0
DA:46,0
DA:47,0
DA:51,0
DA:55,0
DA:56,0
DA:59,0
DA:67,0
DA:70,0
DA:71,0
DA:74,0
DA:81,0
DA:89,0
DA:93,0
DA:97,0
LF:40
LH:0
BRDA:20,0,0,0
BRDA:28,1,0,0
BRDA:31,2,0,0
BRDA:43,3,0,0
BRDA:55,4,0,0
BRDA:70,5,0,0
BRF:6
BRH:0
end_of_record
TN:
SF:src/notification/enum/type-notification.ts
FN:1,(anonymous_0)
FNF:1
FNH:0
FNDA:0,(anonymous_0)
DA:1,0
DA:2,0
DA:3,0
DA:4,0
DA:5,0
DA:6,0
DA:7,0
DA:8,0
LF:8
LH:0
BRDA:1,0,0,0
BRDA:1,0,1,0
BRF:2
BRH:0
end_of_record
TN:
SF:src/notification/utility/message-notification.ts
FN:32,(anonymous_0)
FN:38,messageNotification
FN:51,messageDeposit
FN:58,messageLoan
FNF:4
FNH:0
FNDA:0,(anonymous_0)
FNDA:0,messageNotification
FNDA:0,messageDeposit
FNDA:0,messageLoan
DA:5,0
DA:14,0
DA:23,0
DA:32,0
DA:33,0
DA:34,0
DA:35,0
DA:38,0
DA:39,0
DA:41,0
DA:43,0
DA:45,0
DA:47,0
DA:51,0
DA:55,0
DA:58,0
DA:62,0
LF:17
LH:0
BRDA:32,0,0,0
BRDA:32,0,1,0
BRDA:39,1,0,0
BRDA:39,1,1,0
BRDA:39,1,2,0
BRDA:39,1,3,0
BRF:6
BRH:0
end_of_record
TN:
SF:src/shared/config.ts
FNF:0
FNH:0
DA:1,0
DA:4,0
DA:28,0
LF:3
LH:0
BRDA:7,0,0,0
BRDA:7,0,1,0
BRDA:8,1,0,0
BRDA:8,1,1,0
BRDA:13,2,0,0
BRDA:13,2,1,0
BRDA:14,3,0,0
BRDA:14,3,1,0
BRDA:15,4,0,0
BRDA:15,4,1,0
BRDA:16,5,0,0
BRDA:16,5,1,0
BRDA:17,6,0,0
BRDA:17,6,1,0
BRDA:22,7,0,0
BRDA:22,7,1,0
BRDA:23,8,0,0
BRDA:23,8,1,0
BRDA:24,9,0,0
BRDA:24,9,1,0
BRDA:29,10,0,0
BRDA:29,10,1,0
BRF:22
BRH:0
end_of_record
TN:
SF:src/shared/environement.ts
FNF:0
FNH:0
DA:1,0
LF:1
LH:0
BRF:0
BRH:0
end_of_record
TN:
SF:src/shared/utilities/available-country.ts
FNF:0
FNH:0
DA:1,0
LF:1
LH:0
BRF:0
BRH:0
end_of_record
TN:
SF:src/shared/utilities/custom-validator.ts
FN:1,validateEmail
FNF:1
FNH:0
FNDA:0,validateEmail
DA:1,0
DA:2,0
DA:3,0
LF:3
LH:0
BRF:0
BRH:0
end_of_record
TN:
SF:src/shared/utilities/error-code.ts
FNF:0
FNH:0
DA:1,0
LF:1
LH:0
BRF:0
BRH:0
end_of_record
TN:
SF:src/tontine/tontine.controller.ts
FN:37,(anonymous_4)
FN:43,(anonymous_5)
FN:49,(anonymous_6)
FN:63,(anonymous_7)
FN:70,(anonymous_8)
FN:82,(anonymous_9)
FN:88,(anonymous_10)
FN:96,(anonymous_11)
FN:102,(anonymous_12)
FN:108,(anonymous_13)
FN:118,(anonymous_14)
FN:127,(anonymous_15)
FN:134,(anonymous_16)
FN:140,(anonymous_17)
FN:146,(anonymous_18)
FN:152,(anonymous_19)
FN:158,(anonymous_20)
FN:182,(anonymous_21)
FN:191,(anonymous_22)
FN:200,(anonymous_23)
FN:220,(anonymous_24)
FN:226,(anonymous_25)
FN:236,(anonymous_26)
FN:246,(anonymous_27)
FN:252,(anonymous_28)
FN:261,(anonymous_29)
FN:276,(anonymous_30)
FN:292,(anonymous_31)
FNF:28
FNH:0
FNDA:0,(anonymous_4)
FNDA:0,(anonymous_5)
FNDA:0,(anonymous_6)
FNDA:0,(anonymous_7)
FNDA:0,(anonymous_8)
FNDA:0,(anonymous_9)
FNDA:0,(anonymous_10)
FNDA:0,(anonymous_11)
FNDA:0,(anonymous_12)
FNDA:0,(anonymous_13)
FNDA:0,(anonymous_14)
FNDA:0,(anonymous_15)
FNDA:0,(anonymous_16)
FNDA:0,(anonymous_17)
FNDA:0,(anonymous_18)
FNDA:0,(anonymous_19)
FNDA:0,(anonymous_20)
FNDA:0,(anonymous_21)
FNDA:0,(anonymous_22)
FNDA:0,(anonymous_23)
FNDA:0,(anonymous_24)
FNDA:0,(anonymous_25)
FNDA:0,(anonymous_26)
FNDA:0,(anonymous_27)
FNDA:0,(anonymous_28)
FNDA:0,(anonymous_29)
FNDA:0,(anonymous_30)
FNDA:0,(anonymous_31)
DA:1,0
DA:13,0
DA:14,0
DA:15,0
DA:16,0
DA:17,0
DA:18,0
DA:19,0
DA:20,0
DA:21,0
DA:26,0
DA:28,0
DA:29,0
DA:30,0
DA:31,0
DA:35,0
DA:36,0
DA:38,0
DA:39,0
DA:43,0
DA:44,0
DA:49,0
DA:50,0
DA:51,0
DA:53,0
DA:54,0
DA:55,0
DA:58,0
DA:63,0
DA:64,0
DA:65,0
DA:70,0
DA:71,0
DA:73,0
DA:74,0
DA:77,0
DA:82,0
DA:83,0
DA:88,0
DA:92,0
DA:96,0
DA:97,0
DA:102,0
DA:103,0
DA:108,0
DA:113,0
DA:118,0
DA:122,0
DA:127,0
DA:128,0
DA:129,0
DA:134,0
DA:135,0
DA:140,0
DA:141,0
DA:146,0
DA:147,0
DA:152,0
DA:153,0
DA:158,0
DA:163,0
DA:166,0
DA:167,0
DA:169,0
DA:174,0
DA:177,0
DA:182,0
DA:186,0
DA:191,0
DA:195,0
DA:200,0
DA:204,0
DA:205,0
DA:206,0
DA:208,0
DA:209,0
DA:210,0
DA:212,0
DA:215,0
DA:220,0
DA:221,0
DA:226,0
DA:231,0
DA:236,0
DA:240,0
DA:246,0
DA:247,0
DA:252,0
DA:257,0
DA:258,0
DA:259,0
DA:261,0
DA:264,0
DA:266,0
DA:276,0
DA:282,0
DA:292,0
DA:297,0
LF:98
LH:0
BRDA:54,0,0,0
BRDA:73,1,0,0
BRDA:163,2,0,0
BRDA:205,3,0,0
BRDA:209,4,0,0
BRDA:259,5,0,0
BRDA:261,6,0,0
BRDA:261,6,1,0
BRF:8
BRH:0
end_of_record
TN:
SF:src/tontine/tontine.service.ts
FN:35,(anonymous_2)
FN:41,(anonymous_3)
FN:49,(anonymous_4)
FN:68,(anonymous_5)
FN:99,(anonymous_6)
FN:115,(anonymous_7)
FN:119,(anonymous_8)
FN:120,(anonymous_9)
FN:121,(anonymous_10)
FN:126,(anonymous_11)
FN:133,(anonymous_12)
FN:144,(anonymous_13)
FN:152,(anonymous_14)
FN:165,(anonymous_15)
FN:169,(anonymous_16)
FN:176,(anonymous_17)
FN:186,(anonymous_18)
FN:202,(anonymous_19)
FN:217,(anonymous_20)
FN:233,(anonymous_21)
FN:240,(anonymous_22)
FN:264,(anonymous_23)
FN:287,(anonymous_24)
FN:303,(anonymous_25)
FN:313,(anonymous_26)
FN:379,(anonymous_27)
FN:399,(anonymous_28)
FN:400,(anonymous_29)
FN:405,(anonymous_30)
FN:447,(anonymous_31)
FN:483,(anonymous_32)
FN:498,(anonymous_33)
FN:511,(anonymous_34)
FN:541,(anonymous_35)
FN:553,(anonymous_36)
FN:566,(anonymous_37)
FN:589,(anonymous_38)
FN:608,(anonymous_39)
FN:612,(anonymous_40)
FN:628,(anonymous_41)
FN:653,(anonymous_42)
FN:667,(anonymous_43)
FN:680,(anonymous_44)
FNF:43
FNH:0
FNDA:0,(anonymous_2)
FNDA:0,(anonymous_3)
FNDA:0,(anonymous_4)
FNDA:0,(anonymous_5)
FNDA:0,(anonymous_6)
FNDA:0,(anonymous_7)
FNDA:0,(anonymous_8)
FNDA:0,(anonymous_9)
FNDA:0,(anonymous_10)
FNDA:0,(anonymous_11)
FNDA:0,(anonymous_12)
FNDA:0,(anonymous_13)
FNDA:0,(anonymous_14)
FNDA:0,(anonymous_15)
FNDA:0,(anonymous_16)
FNDA:0,(anonymous_17)
FNDA:0,(anonymous_18)
FNDA:0,(anonymous_19)
FNDA:0,(anonymous_20)
FNDA:0,(anonymous_21)
FNDA:0,(anonymous_22)
FNDA:0,(anonymous_23)
FNDA:0,(anonymous_24)
FNDA:0,(anonymous_25)
FNDA:0,(anonymous_26)
FNDA:0,(anonymous_27)
FNDA:0,(anonymous_28)
FNDA:0,(anonymous_29)
FNDA:0,(anonymous_30)
FNDA:0,(anonymous_31)
FNDA:0,(anonymous_32)
FNDA:0,(anonymous_33)
FNDA:0,(anonymous_34)
FNDA:0,(anonymous_35)
FNDA:0,(anonymous_36)
FNDA:0,(anonymous_37)
FNDA:0,(anonymous_38)
FNDA:0,(anonymous_39)
FNDA:0,(anonymous_40)
FNDA:0,(anonymous_41)
FNDA:0,(anonymous_42)
FNDA:0,(anonymous_43)
FNDA:0,(anonymous_44)
DA:1,0
DA:2,0
DA:3,0
DA:4,0
DA:5,0
DA:6,0
DA:7,0
DA:11,0
DA:18,0
DA:19,0
DA:20,0
DA:21,0
DA:22,0
DA:23,0
DA:24,0
DA:25,0
DA:26,0
DA:27,0
DA:28,0
DA:29,0
DA:30,0
DA:34,0
DA:36,0
DA:37,0
DA:38,0
DA:42,0
DA:43,0
DA:44,0
DA:46,0
DA:50,0
DA:52,0
DA:53,0
DA:55,0
DA:56,0
DA:59,0
DA:61,0
DA:62,0
DA:63,0
DA:64,0
DA:65,0
DA:67,0
DA:69,0
DA:72,0
DA:73,0
DA:77,0
DA:81,0
DA:82,0
DA:83,0
DA:84,0
DA:85,0
DA:86,0
DA:87,0
DA:90,0
DA:91,0
DA:92,0
DA:93,0
DA:94,0
DA:96,0
DA:97,0
DA:99,0
DA:106,0
DA:107,0
DA:108,0
DA:111,0
DA:116,0
DA:119,0
DA:120,0
DA:121,0
DA:127,0
DA:134,0
DA:135,0
DA:136,0
DA:139,0
DA:140,0
DA:141,0
DA:144,0
DA:145,0
DA:148,0
DA:149,0
DA:153,0
DA:154,0
DA:155,0
DA:158,0
DA:166,0
DA:170,0
DA:181,0
DA:182,0
DA:183,0
DA:186,0
DA:187,0
DA:188,0
DA:191,0
DA:192,0
DA:193,0
DA:194,0
DA:195,0
DA:196,0
DA:197,0
DA:199,0
DA:203,0
DA:206,0
DA:207,0
DA:210,0
DA:218,0
DA:219,0
DA:220,0
DA:223,0
DA:226,0
DA:227,0
DA:230,0
DA:234,0
DA:241,0
DA:242,0
DA:243,0
DA:246,0
DA:247,0
DA:248,0
DA:251,0
DA:252,0
DA:253,0
DA:254,0
DA:255,0
DA:256,0
DA:258,0
DA:259,0
DA:261,0
DA:269,0
DA:270,0
DA:271,0
DA:274,0
DA:277,0
DA:278,0
DA:281,0
DA:288,0
DA:289,0
DA:290,0
DA:293,0
DA:296,0
DA:297,0
DA:300,0
DA:304,0
DA:319,0
DA:320,0
DA:321,0
DA:324,0
DA:325,0
DA:326,0
DA:329,0
DA:330,0
DA:331,0
DA:334,0
DA:335,0
DA:339,0
DA:340,0
DA:341,0
DA:342,0
DA:343,0
DA:344,0
DA:347,0
DA:351,0
DA:352,0
DA:355,0
DA:356,0
DA:359,0
DA:361,0
DA:365,0
DA:376,0
DA:380,0
DA:384,0
DA:385,0
DA:389,0
DA:390,0
DA:394,0
DA:398,0
DA:399,0
DA:400,0
DA:401,0
DA:402,0
DA:411,0
DA:412,0
DA:413,0
DA:416,0
DA:419,0
DA:420,0
DA:423,0
DA:424,0
DA:425,0
DA:428,0
DA:433,0
DA:444,0
DA:448,0
DA:449,0
DA:450,0
DA:453,0
DA:456,0
DA:457,0
DA:460,0
DA:461,0
DA:462,0
DA:465,0
DA:469,0
DA:480,0
DA:484,0
DA:485,0
DA:486,0
DA:489,0
DA:490,0
DA:491,0
DA:494,0
DA:495,0
DA:499,0
DA:500,0
DA:501,0
DA:504,0
DA:508,0
DA:512,0
DA:513,0
DA:514,0
DA:516,0
DA:519,0
DA:520,0
DA:523,0
DA:524,0
DA:525,0
DA:526,0
DA:527,0
DA:528,0
DA:529,0
DA:530,0
DA:531,0
DA:532,0
DA:533,0
DA:534,0
DA:535,0
DA:536,0
DA:537,0
DA:538,0
DA:541,0
DA:542,0
DA:543,0
DA:544,0
DA:545,0
DA:546,0
DA:548,0
DA:550,0
DA:557,0
DA:571,0
DA:572,0
DA:573,0
DA:574,0
DA:576,0
DA:577,0
DA:580,0
DA:581,0
DA:583,0
DA:584,0
DA:586,0
DA:590,0
DA:591,0
DA:592,0
DA:594,0
DA:598,0
DA:599,0
DA:601,0
DA:605,0
DA:606,0
DA:608,0
DA:609,0
DA:613,0
DA:614,0
DA:615,0
DA:617,0
DA:618,0
DA:619,0
DA:621,0
DA:622,0
DA:623,0
DA:624,0
DA:625,0
DA:633,0
DA:634,0
DA:635,0
DA:637,0
DA:640,0
DA:641,0
DA:643,0
DA:644,0
DA:645,0
DA:647,0
DA:648,0
DA:649,0
DA:650,0
DA:654,0
DA:655,0
DA:656,0
DA:658,0
DA:661,0
DA:662,0
DA:664,0
DA:668,0
DA:669,0
DA:670,0
DA:672,0
DA:681,0
DA:682,0
DA:683,0
DA:686,0
DA:689,0
LF:308
LH:0
BRDA:43,0,0,0
BRDA:72,1,0,0
BRDA:135,2,0,0
BRDA:140,3,0,0
BRDA:144,4,0,0
BRDA:154,5,0,0
BRDA:182,6,0,0
BRDA:187,7,0,0
BRDA:206,8,0,0
BRDA:219,9,0,0
BRDA:226,10,0,0
BRDA:242,11,0,0
BRDA:247,12,0,0
BRDA:254,13,0,0
BRDA:254,13,1,0
BRDA:255,14,0,0
BRDA:270,15,0,0
BRDA:277,16,0,0
BRDA:289,17,0,0
BRDA:296,18,0,0
BRDA:320,19,0,0
BRDA:325,20,0,0
BRDA:334,21,0,0
BRDA:351,22,0,0
BRDA:355,23,0,0
BRDA:384,24,0,0
BRDA:389,25,0,0
BRDA:412,26,0,0
BRDA:419,27,0,0
BRDA:423,28,0,0
BRDA:423,29,0,0
BRDA:423,29,1,0
BRDA:449,30,0,0
BRDA:456,31,0,0
BRDA:461,32,0,0
BRDA:485,33,0,0
BRDA:490,34,0,0
BRDA:500,35,0,0
BRDA:513,36,0,0
BRDA:519,37,0,0
BRDA:523,38,0,0
BRDA:525,39,0,0
BRDA:527,40,0,0
BRDA:529,41,0,0
BRDA:531,42,0,0
BRDA:533,43,0,0
BRDA:535,44,0,0
BRDA:537,45,0,0
BRDA:573,46,0,0
BRDA:580,47,0,0
BRDA:591,48,0,0
BRDA:598,49,0,0
BRDA:605,50,0,0
BRDA:614,51,0,0
BRDA:618,52,0,0
BRDA:634,53,0,0
BRDA:640,54,0,0
BRDA:644,55,0,0
BRDA:655,56,0,0
BRDA:661,57,0,0
BRDA:669,58,0,0
BRDA:682,59,0,0
BRDA:686,60,0,0
BRDA:686,60,1,0
BRF:64
BRH:0
end_of_record
TN:
SF:src/tontine/enum/shared.ts
FN:1,(anonymous_0)
FNF:1
FNH:0
FNDA:0,(anonymous_0)
DA:1,0
DA:2,0
DA:3,0
LF:3
LH:0
BRDA:1,0,0,0
BRDA:1,0,1,0
BRF:2
BRH:0
end_of_record
TN:
SF:src/tontine/enum/status-deposit.ts
FN:1,(anonymous_0)
FNF:1
FNH:1
FNDA:1,(anonymous_0)
DA:1,1
DA:2,1
DA:3,1
DA:4,1
LF:4
LH:4
BRDA:1,0,0,1
BRDA:1,0,1,1
BRF:2
BRH:2
end_of_record
TN:
SF:src/tontine/enum/system-type.ts
FN:1,(anonymous_0)
FNF:1
FNH:0
FNDA:0,(anonymous_0)
DA:1,0
DA:2,0
DA:3,0
LF:3
LH:0
BRDA:1,0,0,0
BRDA:1,0,1,0
BRF:2
BRH:0
end_of_record
TN:
SF:src/tontine/enum/type-sanction.ts
FN:1,(anonymous_0)
FNF:1
FNH:1
FNDA:1,(anonymous_0)
DA:1,1
DA:2,1
DA:3,1
DA:4,1
DA:5,1
LF:5
LH:5
BRDA:1,0,0,1
BRDA:1,0,1,1
BRF:2
BRH:2
end_of_record
TN:
SF:src/tontine/utilities/file-upload.helper.ts
FN:3,(anonymous_0)
FN:10,(anonymous_1)
FNF:2
FNH:0
FNDA:0,(anonymous_0)
FNDA:0,(anonymous_1)
DA:1,0
DA:3,0
DA:4,0
DA:5,0
DA:6,0
DA:7,0
DA:10,0
DA:11,0
DA:12,0
DA:14,0
DA:16,0
DA:18,0
LF:12
LH:0
BRDA:11,0,0,0
BRDA:14,1,0,0
BRF:2
BRH:0
end_of_record
TN:
SF:src/tontine/utilities/service.helper.ts
FN:3,isMemberOfTontine
FN:4,(anonymous_1)
FNF:2
FNH:0
FNDA:0,isMemberOfTontine
FNDA:0,(anonymous_1)
DA:3,0
DA:4,0
LF:2
LH:0
BRF:0
BRH:0
end_of_record
